mode: atomic
github.com/mborodin/uyuni-operator/internal/validation/annotations.go:19.19,21.29 2 4
github.com/mborodin/uyuni-operator/internal/validation/annotations.go:21.29,23.10 2 4
github.com/mborodin/uyuni-operator/internal/validation/annotations.go:23.10,24.12 1 1
github.com/mborodin/uyuni-operator/internal/validation/annotations.go:26.3,26.18 1 3
github.com/mborodin/uyuni-operator/internal/validation/annotations.go:26.18,30.4 1 2
github.com/mborodin/uyuni-operator/internal/validation/annotations.go:32.2,32.13 1 4
github.com/mborodin/uyuni-operator/internal/validation/envchain.go:21.88,24.20 2 7
github.com/mborodin/uyuni-operator/internal/validation/envchain.go:24.20,27.3 2 1
github.com/mborodin/uyuni-operator/internal/validation/envchain.go:29.2,31.25 3 6
github.com/mborodin/uyuni-operator/internal/validation/envchain.go:31.25,33.20 2 13
github.com/mborodin/uyuni-operator/internal/validation/envchain.go:33.20,35.4 1 1
github.com/mborodin/uyuni-operator/internal/validation/envchain.go:36.3,37.26 2 13
github.com/mborodin/uyuni-operator/internal/validation/envchain.go:37.26,39.4 1 6
github.com/mborodin/uyuni-operator/internal/validation/envchain.go:42.2,42.15 1 6
github.com/mborodin/uyuni-operator/internal/validation/envchain.go:43.9,45.71 1 1
github.com/mborodin/uyuni-operator/internal/validation/envchain.go:46.9,46.9 0 4
github.com/mborodin/uyuni-operator/internal/validation/envchain.go:48.10,50.92 1 1
github.com/mborodin/uyuni-operator/internal/validation/envchain.go:53.2,53.25 1 6
github.com/mborodin/uyuni-operator/internal/validation/envchain.go:53.25,54.50 1 13
github.com/mborodin/uyuni-operator/internal/validation/envchain.go:54.50,57.4 1 1
github.com/mborodin/uyuni-operator/internal/validation/envchain.go:60.2,60.40 1 6
github.com/mborodin/uyuni-operator/internal/validation/envchain.go:60.40,63.3 1 0
github.com/mborodin/uyuni-operator/internal/validation/envchain.go:65.2,65.13 1 6
github.com/mborodin/uyuni-operator/internal/validation/envchain.go:68.56,70.25 2 2
github.com/mborodin/uyuni-operator/internal/validation/envchain.go:70.25,72.3 1 4
github.com/mborodin/uyuni-operator/internal/validation/envchain.go:73.2,73.25 1 2
github.com/mborodin/uyuni-operator/internal/validation/envchain.go:73.25,76.20 3 4
github.com/mborodin/uyuni-operator/internal/validation/envchain.go:76.20,77.20 1 3
github.com/mborodin/uyuni-operator/internal/validation/envchain.go:77.20,79.5 1 0
github.com/mborodin/uyuni-operator/internal/validation/envchain.go:80.4,81.25 2 3
github.com/mborodin/uyuni-operator/internal/validation/envchain.go:84.2,84.13 1 2
github.com/mborodin/uyuni-operator/internal/validation/envchain.go:89.81,91.25 2 1
github.com/mborodin/uyuni-operator/internal/validation/envchain.go:91.25,93.3 1 3
github.com/mborodin/uyuni-operator/internal/validation/envchain.go:94.2,96.6 3 1
github.com/mborodin/uyuni-operator/internal/validation/envchain.go:96.6,98.10 2 4
github.com/mborodin/uyuni-operator/internal/validation/envchain.go:98.10,99.9 1 1
github.com/mborodin/uyuni-operator/internal/validation/envchain.go:101.3,102.22 2 3
github.com/mborodin/uyuni-operator/internal/validation/envchain.go:104.2,104.12 1 1
github.com/mborodin/uyuni-operator/internal/validation/promotion.go:20.19,23.19 2 4
github.com/mborodin/uyuni-operator/internal/validation/promotion.go:23.19,25.3 1 0
github.com/mborodin/uyuni-operator/internal/validation/promotion.go:26.2,26.17 1 4
github.com/mborodin/uyuni-operator/internal/validation/promotion.go:26.17,28.3 1 0
github.com/mborodin/uyuni-operator/internal/validation/promotion.go:29.2,29.39 1 4
github.com/mborodin/uyuni-operator/internal/validation/promotion.go:29.39,32.3 1 1
github.com/mborodin/uyuni-operator/internal/validation/promotion.go:33.2,33.19 1 4
github.com/mborodin/uyuni-operator/internal/validation/promotion.go:33.19,35.3 1 1
github.com/mborodin/uyuni-operator/internal/validation/promotion.go:37.2,39.46 3 3
github.com/mborodin/uyuni-operator/internal/validation/promotion.go:39.46,42.3 2 9
github.com/mborodin/uyuni-operator/internal/validation/promotion.go:44.2,44.21 1 3
github.com/mborodin/uyuni-operator/internal/validation/promotion.go:44.21,46.3 1 1
github.com/mborodin/uyuni-operator/internal/validation/promotion.go:47.2,48.15 2 3
github.com/mborodin/uyuni-operator/internal/validation/promotion.go:48.15,50.3 1 0
github.com/mborodin/uyuni-operator/internal/validation/promotion.go:50.8,50.48 1 3
github.com/mborodin/uyuni-operator/internal/validation/promotion.go:50.48,54.3 1 1
github.com/mborodin/uyuni-operator/internal/validation/promotion.go:55.2,55.13 1 3
github.com/mborodin/uyuni-operator/internal/validation/refs.go:21.19,23.39 2 4
github.com/mborodin/uyuni-operator/internal/validation/refs.go:23.39,26.3 1 1
github.com/mborodin/uyuni-operator/internal/validation/refs.go:27.2,27.46 1 4
github.com/mborodin/uyuni-operator/internal/validation/refs.go:27.46,30.3 1 1
github.com/mborodin/uyuni-operator/internal/validation/refs.go:31.2,31.13 1 4
github.com/mborodin/uyuni-operator/internal/validation/refs.go:42.19,43.16 1 5
github.com/mborodin/uyuni-operator/internal/validation/refs.go:43.16,45.3 1 1
github.com/mborodin/uyuni-operator/internal/validation/refs.go:46.2,46.20 1 4
github.com/mborodin/uyuni-operator/internal/validation/refs.go:46.20,48.3 1 1
github.com/mborodin/uyuni-operator/internal/validation/refs.go:49.2,49.28 1 3
github.com/mborodin/uyuni-operator/internal/validation/refs.go:49.28,50.25 1 2
github.com/mborodin/uyuni-operator/internal/validation/refs.go:50.25,52.4 1 1
github.com/mborodin/uyuni-operator/internal/validation/refs.go:54.2,55.86 1 2
github.com/mborodin/uyuni-operator/internal/validation/system.go:15.90,17.15 2 0
github.com/mborodin/uyuni-operator/internal/validation/system.go:17.15,19.3 1 0
github.com/mborodin/uyuni-operator/internal/validation/system.go:20.2,21.33 2 0
github.com/mborodin/uyuni-operator/internal/validation/system.go:21.33,23.19 2 0
github.com/mborodin/uyuni-operator/internal/validation/system.go:23.19,25.4 1 0
github.com/mborodin/uyuni-operator/internal/validation/system.go:25.9,25.26 1 0
github.com/mborodin/uyuni-operator/internal/validation/system.go:25.26,27.4 1 0
github.com/mborodin/uyuni-operator/internal/validation/system.go:28.3,30.42 2 0
github.com/mborodin/uyuni-operator/internal/validation/system.go:30.42,33.4 1 0
github.com/mborodin/uyuni-operator/internal/validation/system.go:34.3,34.25 1 0
github.com/mborodin/uyuni-operator/internal/validation/system.go:34.25,37.26 3 0
github.com/mborodin/uyuni-operator/internal/validation/system.go:37.26,40.5 1 0
github.com/mborodin/uyuni-operator/internal/validation/system.go:43.2,43.39 1 0
github.com/mborodin/uyuni-operator/internal/validation/system.go:43.39,47.25 4 0
github.com/mborodin/uyuni-operator/internal/validation/system.go:47.25,50.4 1 0
github.com/mborodin/uyuni-operator/internal/validation/system.go:52.2,52.13 1 0
github.com/mborodin/uyuni-operator/internal/validation/system.go:57.93,60.29 3 5
github.com/mborodin/uyuni-operator/internal/validation/system.go:60.29,62.19 2 5
github.com/mborodin/uyuni-operator/internal/validation/system.go:62.19,64.12 2 0
github.com/mborodin/uyuni-operator/internal/validation/system.go:66.3,66.19 1 5
github.com/mborodin/uyuni-operator/internal/validation/system.go:66.19,68.4 1 0
github.com/mborodin/uyuni-operator/internal/validation/system.go:69.3,71.35 2 5
github.com/mborodin/uyuni-operator/internal/validation/system.go:71.35,77.57 6 5
github.com/mborodin/uyuni-operator/internal/validation/system.go:77.57,78.12 1 15
github.com/mborodin/uyuni-operator/internal/validation/system.go:78.12,80.6 1 4
github.com/mborodin/uyuni-operator/internal/validation/system.go:82.4,82.14 1 5
github.com/mborodin/uyuni-operator/internal/validation/system.go:82.14,85.5 1 1
github.com/mborodin/uyuni-operator/internal/validation/system.go:88.4,89.72 2 5
github.com/mborodin/uyuni-operator/internal/validation/system.go:89.72,92.5 1 1
github.com/mborodin/uyuni-operator/internal/validation/system.go:95.4,95.62 1 5
github.com/mborodin/uyuni-operator/internal/validation/system.go:95.62,98.5 1 1
github.com/mborodin/uyuni-operator/internal/validation/system.go:99.4,99.14 1 5
github.com/mborodin/uyuni-operator/internal/validation/system.go:99.14,101.5 1 1
github.com/mborodin/uyuni-operator/internal/validation/system.go:103.3,103.43 1 5
github.com/mborodin/uyuni-operator/internal/validation/system.go:103.43,106.14 3 0
github.com/mborodin/uyuni-operator/internal/validation/system.go:106.14,109.5 1 0
github.com/mborodin/uyuni-operator/internal/validation/system.go:112.2,112.13 1 5
github.com/mborodin/uyuni-operator/internal/validation/system.go:117.88,119.20 2 1
github.com/mborodin/uyuni-operator/internal/validation/system.go:119.20,121.3 1 0
github.com/mborodin/uyuni-operator/internal/validation/system.go:122.2,122.20 1 1
github.com/mborodin/uyuni-operator/internal/validation/system.go:122.20,124.3 1 0
github.com/mborodin/uyuni-operator/internal/validation/system.go:125.2,125.25 1 1
github.com/mborodin/uyuni-operator/internal/validation/system.go:125.25,127.3 1 0
github.com/mborodin/uyuni-operator/internal/validation/system.go:128.2,129.40 2 1
github.com/mborodin/uyuni-operator/internal/validation/system.go:129.40,131.3 1 1
github.com/mborodin/uyuni-operator/internal/validation/system.go:132.2,132.28 1 1
github.com/mborodin/uyuni-operator/internal/validation/system.go:132.28,135.3 1 0
github.com/mborodin/uyuni-operator/internal/validation/system.go:136.2,136.13 1 1
github.com/mborodin/uyuni-operator/internal/validation/system.go:139.38,140.30 1 1
github.com/mborodin/uyuni-operator/internal/validation/system.go:140.30,141.16 1 24
github.com/mborodin/uyuni-operator/internal/validation/system.go:141.16,143.4 1 1
github.com/mborodin/uyuni-operator/internal/validation/system.go:145.2,145.11 1 0
github.com/mborodin/uyuni-operator/internal/validation/system.go:150.97,153.27 3 0
github.com/mborodin/uyuni-operator/internal/validation/system.go:153.27,155.26 2 0
github.com/mborodin/uyuni-operator/internal/validation/system.go:155.26,157.12 2 0
github.com/mborodin/uyuni-operator/internal/validation/system.go:159.3,159.26 1 0
github.com/mborodin/uyuni-operator/internal/validation/system.go:159.26,161.4 1 0
github.com/mborodin/uyuni-operator/internal/validation/system.go:162.3,162.29 1 0
github.com/mborodin/uyuni-operator/internal/validation/system.go:164.2,164.13 1 0
github.com/mborodin/uyuni-operator/internal/validation/task.go:12.45,14.24 2 5
github.com/mborodin/uyuni-operator/internal/validation/task.go:14.24,16.3 1 3
github.com/mborodin/uyuni-operator/internal/validation/task.go:17.2,17.28 1 5
github.com/mborodin/uyuni-operator/internal/validation/task.go:17.28,19.3 1 1
github.com/mborodin/uyuni-operator/internal/validation/task.go:20.2,20.21 1 5
github.com/mborodin/uyuni-operator/internal/validation/task.go:20.21,22.3 1 1
github.com/mborodin/uyuni-operator/internal/validation/task.go:23.2,23.27 1 5
github.com/mborodin/uyuni-operator/internal/validation/task.go:23.27,25.3 1 0
github.com/mborodin/uyuni-operator/internal/validation/task.go:26.2,26.34 1 5
github.com/mborodin/uyuni-operator/internal/validation/task.go:26.34,28.3 1 0
github.com/mborodin/uyuni-operator/internal/validation/task.go:29.2,29.10 1 5
github.com/mborodin/uyuni-operator/internal/validation/task.go:34.51,36.24 2 5
github.com/mborodin/uyuni-operator/internal/validation/task.go:36.24,38.3 1 5
github.com/mborodin/uyuni-operator/internal/validation/task.go:39.2,39.29 1 5
github.com/mborodin/uyuni-operator/internal/validation/task.go:39.29,41.3 1 1
github.com/mborodin/uyuni-operator/internal/validation/task.go:42.2,42.26 1 5
github.com/mborodin/uyuni-operator/internal/validation/task.go:42.26,44.3 1 0
github.com/mborodin/uyuni-operator/internal/validation/task.go:45.2,45.10 1 5
github.com/mborodin/uyuni-operator/internal/validation/task.go:50.74,53.26 2 5
github.com/mborodin/uyuni-operator/internal/validation/task.go:54.9,56.94 1 1
github.com/mborodin/uyuni-operator/internal/validation/task.go:57.9,57.9 0 3
github.com/mborodin/uyuni-operator/internal/validation/task.go:59.10,61.47 1 1
github.com/mborodin/uyuni-operator/internal/validation/task.go:64.2,64.36 1 5
github.com/mborodin/uyuni-operator/internal/validation/task.go:65.9,67.63 1 0
github.com/mborodin/uyuni-operator/internal/validation/task.go:68.9,68.9 0 4
github.com/mborodin/uyuni-operator/internal/validation/task.go:70.10,72.44 1 1
github.com/mborodin/uyuni-operator/internal/validation/task.go:75.2,75.28 1 5
github.com/mborodin/uyuni-operator/internal/validation/task.go:75.28,76.41 1 1
github.com/mborodin/uyuni-operator/internal/validation/task.go:76.41,80.4 1 0
github.com/mborodin/uyuni-operator/internal/validation/task.go:81.3,81.36 1 1
github.com/mborodin/uyuni-operator/internal/validation/task.go:81.36,84.4 1 1
github.com/mborodin/uyuni-operator/internal/validation/task.go:87.2,87.13 1 5
github.com/mborodin/uyuni-operator/internal/uyuni/api.go:245.33,247.25 2 0
github.com/mborodin/uyuni-operator/internal/uyuni/api.go:247.25,249.3 1 0
github.com/mborodin/uyuni-operator/internal/uyuni/api.go:250.2,250.14 1 0
github.com/mborodin/uyuni-operator/internal/uyuni/api.go:258.44,260.2 1 0
github.com/mborodin/uyuni-operator/internal/uyuni/client.go:61.41,61.57 1 0
github.com/mborodin/uyuni-operator/internal/uyuni/client.go:62.41,62.56 1 0
github.com/mborodin/uyuni-operator/internal/uyuni/client.go:67.98,69.16 2 0
github.com/mborodin/uyuni-operator/internal/uyuni/client.go:69.16,71.3 1 0
github.com/mborodin/uyuni-operator/internal/uyuni/client.go:73.2,83.16 3 0
github.com/mborodin/uyuni-operator/internal/uyuni/client.go:83.16,85.3 1 0
github.com/mborodin/uyuni-operator/internal/uyuni/client.go:86.2,86.21 1 0
github.com/mborodin/uyuni-operator/internal/uyuni/client.go:86.21,100.3 4 0
github.com/mborodin/uyuni-operator/internal/uyuni/client.go:102.2,102.43 1 0
github.com/mborodin/uyuni-operator/internal/uyuni/client.go:102.43,104.3 1 0
github.com/mborodin/uyuni-operator/internal/uyuni/client.go:106.2,107.21 2 0
github.com/mborodin/uyuni-operator/internal/uyuni/client.go:107.21,109.18 2 0
github.com/mborodin/uyuni-operator/internal/uyuni/client.go:109.18,111.4 1 0
github.com/mborodin/uyuni-operator/internal/uyuni/client.go:112.3,113.27 2 0
github.com/mborodin/uyuni-operator/internal/uyuni/client.go:115.2,125.37 4 0
github.com/mborodin/uyuni-operator/internal/uyuni/client.go:125.37,127.3 1 0
github.com/mborodin/uyuni-operator/internal/uyuni/client.go:128.2,128.15 1 0
github.com/mborodin/uyuni-operator/internal/uyuni/client.go:137.35,139.16 2 0
github.com/mborodin/uyuni-operator/internal/uyuni/client.go:139.16,141.3 1 0
github.com/mborodin/uyuni-operator/internal/uyuni/client.go:142.2,143.16 2 0
github.com/mborodin/uyuni-operator/internal/uyuni/client.go:143.16,145.3 1 0
github.com/mborodin/uyuni-operator/internal/uyuni/client.go:146.2,148.16 3 0
github.com/mborodin/uyuni-operator/internal/uyuni/client.go:148.16,150.3 1 0
github.com/mborodin/uyuni-operator/internal/uyuni/client.go:151.2,156.59 4 0
github.com/mborodin/uyuni-operator/internal/uyuni/client.go:156.59,158.3 1 0
github.com/mborodin/uyuni-operator/internal/uyuni/client.go:159.2,159.22 1 0
github.com/mborodin/uyuni-operator/internal/uyuni/client.go:159.22,161.3 1 0
github.com/mborodin/uyuni-operator/internal/uyuni/client.go:162.2,162.12 1 0
github.com/mborodin/uyuni-operator/internal/uyuni/client.go:171.55,175.44 4 0
github.com/mborodin/uyuni-operator/internal/uyuni/client.go:175.44,176.50 1 0
github.com/mborodin/uyuni-operator/internal/uyuni/client.go:176.50,179.4 2 0
github.com/mborodin/uyuni-operator/internal/uyuni/client.go:180.3,180.44 1 0
github.com/mborodin/uyuni-operator/internal/uyuni/client.go:182.2,182.16 1 0
github.com/mborodin/uyuni-operator/internal/uyuni/client.go:182.16,185.3 2 0
github.com/mborodin/uyuni-operator/internal/uyuni/client.go:186.2,186.19 1 0
github.com/mborodin/uyuni-operator/internal/uyuni/client.go:186.19,189.3 2 0
github.com/mborodin/uyuni-operator/internal/uyuni/client.go:190.2,190.25 1 0
github.com/mborodin/uyuni-operator/internal/uyuni/client.go:194.77,198.44 4 0
github.com/mborodin/uyuni-operator/internal/uyuni/client.go:198.44,199.50 1 0
github.com/mborodin/uyuni-operator/internal/uyuni/client.go:199.50,202.4 2 0
github.com/mborodin/uyuni-operator/internal/uyuni/client.go:203.3,203.51 1 0
github.com/mborodin/uyuni-operator/internal/uyuni/client.go:205.2,205.16 1 0
github.com/mborodin/uyuni-operator/internal/uyuni/client.go:205.16,208.3 2 0
github.com/mborodin/uyuni-operator/internal/uyuni/client.go:209.2,209.19 1 0
github.com/mborodin/uyuni-operator/internal/uyuni/client.go:209.19,212.3 2 0
github.com/mborodin/uyuni-operator/internal/uyuni/client.go:213.2,213.25 1 0
github.com/mborodin/uyuni-operator/internal/uyuni/client.go:217.46,221.37 3 0
github.com/mborodin/uyuni-operator/internal/uyuni/client.go:221.37,223.3 1 0
github.com/mborodin/uyuni-operator/internal/uyuni/client.go:226.2,232.16 4 0
github.com/mborodin/uyuni-operator/internal/uyuni/client.go:232.16,234.3 1 0
github.com/mborodin/uyuni-operator/internal/uyuni/client.go:237.2,238.16 2 0
github.com/mborodin/uyuni-operator/internal/uyuni/client.go:238.16,240.3 1 0
github.com/mborodin/uyuni-operator/internal/uyuni/client.go:243.2,251.16 6 0
github.com/mborodin/uyuni-operator/internal/uyuni/client.go:251.16,253.31 1 0
github.com/mborodin/uyuni-operator/internal/uyuni/client.go:253.31,254.49 1 0
github.com/mborodin/uyuni-operator/internal/uyuni/client.go:254.49,256.5 1 0
github.com/mborodin/uyuni-operator/internal/uyuni/client.go:257.4,260.34 4 0
github.com/mborodin/uyuni-operator/internal/uyuni/client.go:262.3,262.17 1 0
github.com/mborodin/uyuni-operator/internal/uyuni/client.go:262.17,264.4 1 0
github.com/mborodin/uyuni-operator/internal/uyuni/client.go:266.2,269.48 2 0
github.com/mborodin/uyuni-operator/internal/uyuni/client.go:269.48,271.48 2 0
github.com/mborodin/uyuni-operator/internal/uyuni/client.go:271.48,273.4 1 0
github.com/mborodin/uyuni-operator/internal/uyuni/client.go:274.3,280.17 7 0
github.com/mborodin/uyuni-operator/internal/uyuni/client.go:280.17,282.4 1 0
github.com/mborodin/uyuni-operator/internal/uyuni/client.go:283.3,283.26 1 0
github.com/mborodin/uyuni-operator/internal/uyuni/client.go:287.2,288.51 2 0
github.com/mborodin/uyuni-operator/internal/uyuni/client.go:288.51,290.17 2 0
github.com/mborodin/uyuni-operator/internal/uyuni/client.go:290.17,292.4 1 0
github.com/mborodin/uyuni-operator/internal/uyuni/client.go:293.3,294.31 2 0
github.com/mborodin/uyuni-operator/internal/uyuni/client.go:295.8,297.3 1 0
github.com/mborodin/uyuni-operator/internal/uyuni/client.go:300.2,300.24 1 0
github.com/mborodin/uyuni-operator/internal/uyuni/client.go:300.24,303.39 2 0
github.com/mborodin/uyuni-operator/internal/uyuni/client.go:303.39,305.4 1 0
github.com/mborodin/uyuni-operator/internal/uyuni/client.go:306.3,306.84 1 0
github.com/mborodin/uyuni-operator/internal/uyuni/client.go:309.2,316.59 3 0
github.com/mborodin/uyuni-operator/internal/uyuni/client.go:316.59,319.39 2 0
github.com/mborodin/uyuni-operator/internal/uyuni/client.go:319.39,321.4 1 0
github.com/mborodin/uyuni-operator/internal/uyuni/client.go:322.3,322.64 1 0
github.com/mborodin/uyuni-operator/internal/uyuni/client.go:325.2,325.22 1 0
github.com/mborodin/uyuni-operator/internal/uyuni/client.go:325.22,327.3 1 0
github.com/mborodin/uyuni-operator/internal/uyuni/client.go:329.2,329.12 1 0
github.com/mborodin/uyuni-operator/internal/uyuni/client.go:333.79,337.39 3 0
github.com/mborodin/uyuni-operator/internal/uyuni/client.go:337.39,339.3 1 0
github.com/mborodin/uyuni-operator/internal/uyuni/client.go:342.2,346.16 3 0
github.com/mborodin/uyuni-operator/internal/uyuni/client.go:346.16,348.3 1 0
github.com/mborodin/uyuni-operator/internal/uyuni/client.go:351.2,352.16 2 0
github.com/mborodin/uyuni-operator/internal/uyuni/client.go:352.16,354.3 1 0
github.com/mborodin/uyuni-operator/internal/uyuni/client.go:357.2,364.16 6 0
github.com/mborodin/uyuni-operator/internal/uyuni/client.go:364.16,365.31 1 0
github.com/mborodin/uyuni-operator/internal/uyuni/client.go:365.31,366.49 1 0
github.com/mborodin/uyuni-operator/internal/uyuni/client.go:366.49,368.5 1 0
github.com/mborodin/uyuni-operator/internal/uyuni/client.go:369.4,374.34 6 0
github.com/mborodin/uyuni-operator/internal/uyuni/client.go:376.3,376.17 1 0
github.com/mborodin/uyuni-operator/internal/uyuni/client.go:376.17,378.4 1 0
github.com/mborodin/uyuni-operator/internal/uyuni/client.go:380.2,383.48 2 0
github.com/mborodin/uyuni-operator/internal/uyuni/client.go:383.48,385.48 2 0
github.com/mborodin/uyuni-operator/internal/uyuni/client.go:385.48,387.4 1 0
github.com/mborodin/uyuni-operator/internal/uyuni/client.go:388.3,394.17 7 0
github.com/mborodin/uyuni-operator/internal/uyuni/client.go:394.17,396.4 1 0
github.com/mborodin/uyuni-operator/internal/uyuni/client.go:397.3,397.26 1 0
github.com/mborodin/uyuni-operator/internal/uyuni/client.go:401.2,402.51 2 0
github.com/mborodin/uyuni-operator/internal/uyuni/client.go:402.51,404.17 2 0
github.com/mborodin/uyuni-operator/internal/uyuni/client.go:404.17,406.4 1 0
github.com/mborodin/uyuni-operator/internal/uyuni/client.go:407.3,408.31 2 0
github.com/mborodin/uyuni-operator/internal/uyuni/client.go:409.8,411.3 1 0
github.com/mborodin/uyuni-operator/internal/uyuni/client.go:414.2,414.24 1 0
github.com/mborodin/uyuni-operator/internal/uyuni/client.go:414.24,417.92 2 0
github.com/mborodin/uyuni-operator/internal/uyuni/client.go:417.92,419.4 1 0
github.com/mborodin/uyuni-operator/internal/uyuni/client.go:420.3,420.84 1 0
github.com/mborodin/uyuni-operator/internal/uyuni/client.go:423.2,430.59 3 0
github.com/mborodin/uyuni-operator/internal/uyuni/client.go:430.59,432.39 2 0
github.com/mborodin/uyuni-operator/internal/uyuni/client.go:432.39,434.4 1 0
github.com/mborodin/uyuni-operator/internal/uyuni/client.go:435.3,435.64 1 0
github.com/mborodin/uyuni-operator/internal/uyuni/client.go:438.2,438.22 1 0
github.com/mborodin/uyuni-operator/internal/uyuni/client.go:438.22,440.3 1 0
github.com/mborodin/uyuni-operator/internal/uyuni/client.go:442.2,442.12 1 0
github.com/mborodin/uyuni-operator/internal/uyuni/client.go:451.38,456.2 1 0
github.com/mborodin/uyuni-operator/internal/uyuni/client.go:461.54,463.34 2 0
github.com/mborodin/uyuni-operator/internal/uyuni/client.go:463.34,465.3 1 0
github.com/mborodin/uyuni-operator/internal/uyuni/client.go:467.2,467.55 1 0
github.com/mborodin/uyuni-operator/internal/uyuni/client.go:467.55,469.3 1 0
github.com/mborodin/uyuni-operator/internal/uyuni/client.go:470.2,470.51 1 0
github.com/mborodin/uyuni-operator/internal/uyuni/client.go:470.51,472.3 1 0
github.com/mborodin/uyuni-operator/internal/uyuni/client.go:473.2,473.12 1 0
github.com/mborodin/uyuni-operator/internal/uyuni/client.go:478.34,479.16 1 0
github.com/mborodin/uyuni-operator/internal/uyuni/client.go:479.16,481.3 1 0
github.com/mborodin/uyuni-operator/internal/uyuni/client.go:482.2,486.40 2 0
github.com/mborodin/uyuni-operator/internal/uyuni/client.go:486.40,488.3 1 0
github.com/mborodin/uyuni-operator/internal/uyuni/client.go:489.2,489.12 1 0
github.com/mborodin/uyuni-operator/internal/uyuni/client.go:667.72,669.16 2 0
github.com/mborodin/uyuni-operator/internal/uyuni/client.go:669.16,671.3 1 0
github.com/mborodin/uyuni-operator/internal/uyuni/client.go:672.2,672.15 1 0
github.com/mborodin/uyuni-operator/internal/uyuni/client.go:675.61,681.16 3 0
github.com/mborodin/uyuni-operator/internal/uyuni/client.go:681.16,683.3 1 0
github.com/mborodin/uyuni-operator/internal/uyuni/client.go:684.2,684.18 1 0
github.com/mborodin/uyuni-operator/internal/uyuni/client.go:691.101,695.16 3 0
github.com/mborodin/uyuni-operator/internal/uyuni/client.go:695.16,697.3 1 0
github.com/mborodin/uyuni-operator/internal/uyuni/client.go:698.2,699.9 2 0
github.com/mborodin/uyuni-operator/internal/uyuni/client.go:699.9,701.3 1 0
github.com/mborodin/uyuni-operator/internal/uyuni/client.go:702.2,702.37 1 0
github.com/mborodin/uyuni-operator/internal/uyuni/client.go:705.91,716.16 4 0
github.com/mborodin/uyuni-operator/internal/uyuni/client.go:716.16,718.3 1 0
github.com/mborodin/uyuni-operator/internal/uyuni/client.go:719.2,720.28 2 0
github.com/mborodin/uyuni-operator/internal/uyuni/client.go:720.28,722.17 2 0
github.com/mborodin/uyuni-operator/internal/uyuni/client.go:722.17,723.12 1 0
github.com/mborodin/uyuni-operator/internal/uyuni/client.go:725.3,725.30 1 0
github.com/mborodin/uyuni-operator/internal/uyuni/client.go:725.30,726.42 1 0
github.com/mborodin/uyuni-operator/internal/uyuni/client.go:726.42,728.5 1 0
github.com/mborodin/uyuni-operator/internal/uyuni/client.go:731.2,731.83 1 0
github.com/mborodin/uyuni-operator/internal/uyuni/client.go:734.109,736.26 2 0
github.com/mborodin/uyuni-operator/internal/uyuni/client.go:736.26,738.3 1 0
github.com/mborodin/uyuni-operator/internal/uyuni/client.go:739.2,739.25 1 0
github.com/mborodin/uyuni-operator/internal/uyuni/client.go:739.25,741.3 1 0
github.com/mborodin/uyuni-operator/internal/uyuni/client.go:742.2,746.16 2 0
github.com/mborodin/uyuni-operator/internal/uyuni/client.go:746.16,750.100 2 0
github.com/mborodin/uyuni-operator/internal/uyuni/client.go:750.100,752.28 1 0
github.com/mborodin/uyuni-operator/internal/uyuni/client.go:752.28,754.42 2 0
github.com/mborodin/uyuni-operator/internal/uyuni/client.go:754.42,756.6 1 0
github.com/mborodin/uyuni-operator/internal/uyuni/client.go:759.4,760.59 2 0
github.com/mborodin/uyuni-operator/internal/uyuni/client.go:760.59,762.51 2 0
github.com/mborodin/uyuni-operator/internal/uyuni/client.go:762.51,763.80 1 0
github.com/mborodin/uyuni-operator/internal/uyuni/client.go:763.80,765.7 1 0
github.com/mborodin/uyuni-operator/internal/uyuni/client.go:767.5,767.21 1 0
github.com/mborodin/uyuni-operator/internal/uyuni/client.go:767.21,769.6 1 0
github.com/mborodin/uyuni-operator/internal/uyuni/client.go:772.3,772.16 1 0
github.com/mborodin/uyuni-operator/internal/uyuni/client.go:774.2,774.16 1 0
github.com/mborodin/uyuni-operator/internal/uyuni/client.go:777.94,779.16 2 0
github.com/mborodin/uyuni-operator/internal/uyuni/client.go:779.16,781.3 1 0
github.com/mborodin/uyuni-operator/internal/uyuni/client.go:782.2,782.37 1 0
github.com/mborodin/uyuni-operator/internal/uyuni/client.go:785.99,787.25 2 0
github.com/mborodin/uyuni-operator/internal/uyuni/client.go:787.25,789.3 1 0
github.com/mborodin/uyuni-operator/internal/uyuni/client.go:790.2,790.27 1 0
github.com/mborodin/uyuni-operator/internal/uyuni/client.go:790.27,792.3 1 0
github.com/mborodin/uyuni-operator/internal/uyuni/client.go:793.2,797.12 2 0
github.com/mborodin/uyuni-operator/internal/uyuni/client.go:800.96,805.16 3 0
github.com/mborodin/uyuni-operator/internal/uyuni/client.go:805.16,807.3 1 0
github.com/mborodin/uyuni-operator/internal/uyuni/client.go:808.2,809.26 2 0
github.com/mborodin/uyuni-operator/internal/uyuni/client.go:809.26,811.3 1 0
github.com/mborodin/uyuni-operator/internal/uyuni/client.go:812.2,812.20 1 0
github.com/mborodin/uyuni-operator/internal/uyuni/client.go:815.107,821.2 2 0
github.com/mborodin/uyuni-operator/internal/uyuni/client.go:823.118,830.2 2 0
github.com/mborodin/uyuni-operator/internal/uyuni/client.go:832.72,837.35 3 0
github.com/mborodin/uyuni-operator/internal/uyuni/client.go:837.35,839.3 1 0
github.com/mborodin/uyuni-operator/internal/uyuni/client.go:844.2,844.72 1 0
github.com/mborodin/uyuni-operator/internal/uyuni/client.go:844.72,846.3 1 0
github.com/mborodin/uyuni-operator/internal/uyuni/client.go:847.2,847.12 1 0
github.com/mborodin/uyuni-operator/internal/uyuni/client.go:850.94,854.16 2 0
github.com/mborodin/uyuni-operator/internal/uyuni/client.go:854.16,856.3 1 0
github.com/mborodin/uyuni-operator/internal/uyuni/client.go:857.2,857.15 1 0
github.com/mborodin/uyuni-operator/internal/uyuni/client.go:860.95,866.2 2 0
github.com/mborodin/uyuni-operator/internal/uyuni/client.go:868.91,874.2 2 0
github.com/mborodin/uyuni-operator/internal/uyuni/client.go:878.90,880.2 1 0
github.com/mborodin/uyuni-operator/internal/uyuni/client.go:882.92,888.2 2 0
github.com/mborodin/uyuni-operator/internal/uyuni/client.go:890.92,896.2 2 0
github.com/mborodin/uyuni-operator/internal/uyuni/client.go:898.79,903.2 2 0
github.com/mborodin/uyuni-operator/internal/uyuni/client.go:907.70,909.2 1 0
github.com/mborodin/uyuni-operator/internal/uyuni/client.go:911.89,913.2 1 0
github.com/mborodin/uyuni-operator/internal/uyuni/client.go:915.96,922.24 1 0
github.com/mborodin/uyuni-operator/internal/uyuni/client.go:922.24,924.3 1 0
github.com/mborodin/uyuni-operator/internal/uyuni/client.go:928.2,932.12 2 0
github.com/mborodin/uyuni-operator/internal/uyuni/client.go:935.114,942.2 1 0
github.com/mborodin/uyuni-operator/internal/uyuni/client.go:944.117,945.17 1 0
github.com/mborodin/uyuni-operator/internal/uyuni/client.go:945.17,947.3 1 0
github.com/mborodin/uyuni-operator/internal/uyuni/client.go:948.2,953.12 2 0
github.com/mborodin/uyuni-operator/internal/uyuni/client.go:958.91,960.2 1 0
github.com/mborodin/uyuni-operator/internal/uyuni/client.go:962.96,967.2 1 0
github.com/mborodin/uyuni-operator/internal/uyuni/client.go:969.141,978.2 1 0
github.com/mborodin/uyuni-operator/internal/uyuni/client.go:983.94,985.16 2 0
github.com/mborodin/uyuni-operator/internal/uyuni/client.go:985.16,986.22 1 0
github.com/mborodin/uyuni-operator/internal/uyuni/client.go:986.22,988.4 1 0
github.com/mborodin/uyuni-operator/internal/uyuni/client.go:989.3,989.17 1 0
github.com/mborodin/uyuni-operator/internal/uyuni/client.go:991.2,991.21 1 0
github.com/mborodin/uyuni-operator/internal/uyuni/client.go:996.99,998.16 2 0
github.com/mborodin/uyuni-operator/internal/uyuni/client.go:998.16,1000.3 1 0
github.com/mborodin/uyuni-operator/internal/uyuni/client.go:1001.2,1002.26 2 0
github.com/mborodin/uyuni-operator/internal/uyuni/client.go:1002.26,1004.3 1 0
github.com/mborodin/uyuni-operator/internal/uyuni/client.go:1005.2,1005.20 1 0
github.com/mborodin/uyuni-operator/internal/uyuni/client.go:1008.88,1014.2 2 0
github.com/mborodin/uyuni-operator/internal/uyuni/client.go:1016.93,1022.2 2 0
github.com/mborodin/uyuni-operator/internal/uyuni/client.go:1024.88,1026.2 1 0
github.com/mborodin/uyuni-operator/internal/uyuni/client.go:1028.99,1033.2 1 0
github.com/mborodin/uyuni-operator/internal/uyuni/client.go:1035.95,1041.2 2 0
github.com/mborodin/uyuni-operator/internal/uyuni/client.go:1043.56,1055.2 1 0
github.com/mborodin/uyuni-operator/internal/uyuni/client.go:1061.112,1066.16 2 0
github.com/mborodin/uyuni-operator/internal/uyuni/client.go:1066.16,1068.3 1 0
github.com/mborodin/uyuni-operator/internal/uyuni/client.go:1069.2,1069.36 1 0
github.com/mborodin/uyuni-operator/internal/uyuni/client.go:1072.96,1074.16 2 0
github.com/mborodin/uyuni-operator/internal/uyuni/client.go:1074.16,1076.3 1 0
github.com/mborodin/uyuni-operator/internal/uyuni/client.go:1077.2,1077.36 1 0
github.com/mborodin/uyuni-operator/internal/uyuni/client.go:1080.100,1086.2 2 0
github.com/mborodin/uyuni-operator/internal/uyuni/client.go:1088.76,1093.2 2 0
github.com/mborodin/uyuni-operator/internal/uyuni/client.go:1095.86,1100.16 3 0
github.com/mborodin/uyuni-operator/internal/uyuni/client.go:1100.16,1102.3 1 0
github.com/mborodin/uyuni-operator/internal/uyuni/client.go:1103.2,1104.25 2 0
github.com/mborodin/uyuni-operator/internal/uyuni/client.go:1104.25,1106.3 1 0
github.com/mborodin/uyuni-operator/internal/uyuni/client.go:1107.2,1107.17 1 0
github.com/mborodin/uyuni-operator/internal/uyuni/client.go:1110.93,1117.2 2 0
github.com/mborodin/uyuni-operator/internal/uyuni/client.go:1119.98,1126.2 2 0
github.com/mborodin/uyuni-operator/internal/uyuni/client.go:1128.107,1134.2 2 0
github.com/mborodin/uyuni-operator/internal/uyuni/client.go:1136.111,1142.2 2 0
github.com/mborodin/uyuni-operator/internal/uyuni/client.go:1144.65,1151.2 1 0
github.com/mborodin/uyuni-operator/internal/uyuni/client.go:1157.100,1162.25 2 0
github.com/mborodin/uyuni-operator/internal/uyuni/client.go:1162.25,1164.3 1 0
github.com/mborodin/uyuni-operator/internal/uyuni/client.go:1165.2,1172.23 2 0
github.com/mborodin/uyuni-operator/internal/uyuni/client.go:1172.23,1174.3 1 0
github.com/mborodin/uyuni-operator/internal/uyuni/client.go:1175.2,1176.16 2 0
github.com/mborodin/uyuni-operator/internal/uyuni/client.go:1176.16,1178.3 1 0
github.com/mborodin/uyuni-operator/internal/uyuni/client.go:1179.2,1179.17 1 0
github.com/mborodin/uyuni-operator/internal/uyuni/client.go:1182.99,1184.16 2 0
github.com/mborodin/uyuni-operator/internal/uyuni/client.go:1184.16,1186.3 1 0
github.com/mborodin/uyuni-operator/internal/uyuni/client.go:1187.2,1187.33 1 0
github.com/mborodin/uyuni-operator/internal/uyuni/client.go:1190.77,1195.2 2 0
github.com/mborodin/uyuni-operator/internal/uyuni/client.go:1197.105,1205.22 2 0
github.com/mborodin/uyuni-operator/internal/uyuni/client.go:1205.22,1207.3 1 0
github.com/mborodin/uyuni-operator/internal/uyuni/client.go:1207.8,1209.3 1 0
github.com/mborodin/uyuni-operator/internal/uyuni/client.go:1210.2,1210.27 1 0
github.com/mborodin/uyuni-operator/internal/uyuni/client.go:1210.27,1212.3 1 0
github.com/mborodin/uyuni-operator/internal/uyuni/client.go:1213.2,1217.12 2 0
github.com/mborodin/uyuni-operator/internal/uyuni/client.go:1220.109,1226.2 2 0
github.com/mborodin/uyuni-operator/internal/uyuni/client.go:1228.112,1234.2 2 0
github.com/mborodin/uyuni-operator/internal/uyuni/client.go:1236.91,1242.2 2 0
github.com/mborodin/uyuni-operator/internal/uyuni/client.go:1244.94,1250.2 2 0
github.com/mborodin/uyuni-operator/internal/uyuni/client.go:1252.112,1258.2 2 0
github.com/mborodin/uyuni-operator/internal/uyuni/client.go:1260.96,1263.16 2 0
github.com/mborodin/uyuni-operator/internal/uyuni/client.go:1263.16,1265.3 1 0
github.com/mborodin/uyuni-operator/internal/uyuni/client.go:1266.2,1266.38 1 0
github.com/mborodin/uyuni-operator/internal/uyuni/client.go:1266.38,1270.18 1 0
github.com/mborodin/uyuni-operator/internal/uyuni/client.go:1270.18,1272.4 1 0
github.com/mborodin/uyuni-operator/internal/uyuni/client.go:1274.2,1274.23 1 0
github.com/mborodin/uyuni-operator/internal/uyuni/client.go:1274.23,1278.18 1 0
github.com/mborodin/uyuni-operator/internal/uyuni/client.go:1278.18,1280.4 1 0
github.com/mborodin/uyuni-operator/internal/uyuni/client.go:1282.2,1282.12 1 0
github.com/mborodin/uyuni-operator/internal/uyuni/client.go:1285.66,1299.2 1 0
github.com/mborodin/uyuni-operator/internal/uyuni/client.go:1305.80,1321.2 2 0
github.com/mborodin/uyuni-operator/internal/uyuni/client.go:1323.89,1325.16 2 0
github.com/mborodin/uyuni-operator/internal/uyuni/client.go:1325.16,1327.3 1 0
github.com/mborodin/uyuni-operator/internal/uyuni/client.go:1328.2,1328.38 1 0
github.com/mborodin/uyuni-operator/internal/uyuni/client.go:1335.89,1337.16 2 0
github.com/mborodin/uyuni-operator/internal/uyuni/client.go:1337.16,1339.3 1 0
github.com/mborodin/uyuni-operator/internal/uyuni/client.go:1340.2,1340.23 1 0
github.com/mborodin/uyuni-operator/internal/uyuni/client.go:1343.89,1345.16 2 0
github.com/mborodin/uyuni-operator/internal/uyuni/client.go:1345.16,1347.3 1 0
github.com/mborodin/uyuni-operator/internal/uyuni/client.go:1348.2,1361.12 2 0
github.com/mborodin/uyuni-operator/internal/uyuni/client.go:1364.73,1369.2 2 0
github.com/mborodin/uyuni-operator/internal/uyuni/client.go:1371.109,1377.2 2 0
github.com/mborodin/uyuni-operator/internal/uyuni/client.go:1379.88,1384.16 3 0
github.com/mborodin/uyuni-operator/internal/uyuni/client.go:1384.16,1386.3 1 0
github.com/mborodin/uyuni-operator/internal/uyuni/client.go:1387.2,1388.25 2 0
github.com/mborodin/uyuni-operator/internal/uyuni/client.go:1388.25,1390.3 1 0
github.com/mborodin/uyuni-operator/internal/uyuni/client.go:1391.2,1391.17 1 0
github.com/mborodin/uyuni-operator/internal/uyuni/client.go:1394.91,1400.2 2 0
github.com/mborodin/uyuni-operator/internal/uyuni/client.go:1402.94,1408.2 2 0
github.com/mborodin/uyuni-operator/internal/uyuni/client.go:1410.98,1416.2 2 0
github.com/mborodin/uyuni-operator/internal/uyuni/client.go:1418.81,1423.2 2 0
github.com/mborodin/uyuni-operator/internal/uyuni/client.go:1425.118,1431.50 2 0
github.com/mborodin/uyuni-operator/internal/uyuni/client.go:1431.50,1435.3 3 0
github.com/mborodin/uyuni-operator/internal/uyuni/client.go:1436.2,1437.16 2 0
github.com/mborodin/uyuni-operator/internal/uyuni/client.go:1437.16,1439.3 1 0
github.com/mborodin/uyuni-operator/internal/uyuni/client.go:1440.2,1440.41 1 0
github.com/mborodin/uyuni-operator/internal/uyuni/client.go:1443.83,1445.16 2 0
github.com/mborodin/uyuni-operator/internal/uyuni/client.go:1445.16,1447.3 1 0
github.com/mborodin/uyuni-operator/internal/uyuni/client.go:1448.2,1448.35 1 0
github.com/mborodin/uyuni-operator/internal/uyuni/client.go:1451.82,1457.2 2 0
github.com/mborodin/uyuni-operator/internal/uyuni/client.go:1459.70,1464.2 2 0
github.com/mborodin/uyuni-operator/internal/uyuni/client.go:1466.59,1482.2 1 0
github.com/mborodin/uyuni-operator/internal/uyuni/client.go:1484.50,1492.2 1 0
github.com/mborodin/uyuni-operator/internal/uyuni/client.go:1498.133,1505.16 2 0
github.com/mborodin/uyuni-operator/internal/uyuni/client.go:1505.16,1507.3 1 0
github.com/mborodin/uyuni-operator/internal/uyuni/client.go:1508.2,1508.41 1 0
github.com/mborodin/uyuni-operator/internal/uyuni/client.go:1511.101,1513.16 2 0
github.com/mborodin/uyuni-operator/internal/uyuni/client.go:1513.16,1515.3 1 0
github.com/mborodin/uyuni-operator/internal/uyuni/client.go:1516.2,1516.41 1 0
github.com/mborodin/uyuni-operator/internal/uyuni/client.go:1519.98,1526.2 2 0
github.com/mborodin/uyuni-operator/internal/uyuni/client.go:1528.79,1533.2 2 0
github.com/mborodin/uyuni-operator/internal/uyuni/client.go:1535.105,1537.16 2 0
github.com/mborodin/uyuni-operator/internal/uyuni/client.go:1537.16,1539.3 1 0
github.com/mborodin/uyuni-operator/internal/uyuni/client.go:1540.2,1541.25 2 0
github.com/mborodin/uyuni-operator/internal/uyuni/client.go:1541.25,1543.3 1 0
github.com/mborodin/uyuni-operator/internal/uyuni/client.go:1544.2,1544.17 1 0
github.com/mborodin/uyuni-operator/internal/uyuni/client.go:1547.108,1553.16 2 0
github.com/mborodin/uyuni-operator/internal/uyuni/client.go:1553.16,1555.3 1 0
github.com/mborodin/uyuni-operator/internal/uyuni/client.go:1556.2,1556.41 1 0
github.com/mborodin/uyuni-operator/internal/uyuni/client.go:1559.133,1566.24 2 0
github.com/mborodin/uyuni-operator/internal/uyuni/client.go:1566.24,1568.3 1 0
github.com/mborodin/uyuni-operator/internal/uyuni/client.go:1569.2,1569.13 1 0
github.com/mborodin/uyuni-operator/internal/uyuni/client.go:1569.13,1571.3 1 0
github.com/mborodin/uyuni-operator/internal/uyuni/client.go:1572.2,1572.24 1 0
github.com/mborodin/uyuni-operator/internal/uyuni/client.go:1572.24,1574.3 1 0
github.com/mborodin/uyuni-operator/internal/uyuni/client.go:1576.2,1584.16 3 0
github.com/mborodin/uyuni-operator/internal/uyuni/client.go:1584.16,1586.3 1 0
github.com/mborodin/uyuni-operator/internal/uyuni/client.go:1587.2,1587.41 1 0
github.com/mborodin/uyuni-operator/internal/uyuni/client.go:1590.89,1596.2 2 0
github.com/mborodin/uyuni-operator/internal/uyuni/client.go:1598.74,1606.2 1 0
github.com/mborodin/uyuni-operator/internal/uyuni/client.go:1608.68,1622.2 1 0
github.com/mborodin/uyuni-operator/internal/uyuni/client.go:1628.111,1638.16 2 0
github.com/mborodin/uyuni-operator/internal/uyuni/client.go:1638.16,1640.3 1 0
github.com/mborodin/uyuni-operator/internal/uyuni/client.go:1641.2,1641.38 1 0
github.com/mborodin/uyuni-operator/internal/uyuni/client.go:1644.92,1646.16 2 0
github.com/mborodin/uyuni-operator/internal/uyuni/client.go:1646.16,1648.3 1 0
github.com/mborodin/uyuni-operator/internal/uyuni/client.go:1649.2,1649.38 1 0
github.com/mborodin/uyuni-operator/internal/uyuni/client.go:1652.92,1661.2 2 0
github.com/mborodin/uyuni-operator/internal/uyuni/client.go:1663.73,1668.60 1 0
github.com/mborodin/uyuni-operator/internal/uyuni/client.go:1668.60,1670.3 1 0
github.com/mborodin/uyuni-operator/internal/uyuni/client.go:1671.2,1671.75 1 0
github.com/mborodin/uyuni-operator/internal/uyuni/client.go:1674.104,1676.16 2 0
github.com/mborodin/uyuni-operator/internal/uyuni/client.go:1676.16,1678.3 1 0
github.com/mborodin/uyuni-operator/internal/uyuni/client.go:1680.2,1684.25 4 0
github.com/mborodin/uyuni-operator/internal/uyuni/client.go:1684.25,1690.3 3 0
github.com/mborodin/uyuni-operator/internal/uyuni/client.go:1692.2,1692.17 1 0
github.com/mborodin/uyuni-operator/internal/uyuni/client.go:1695.93,1697.2 1 0
github.com/mborodin/uyuni-operator/internal/uyuni/client.go:1699.119,1710.16 4 0
github.com/mborodin/uyuni-operator/internal/uyuni/client.go:1710.16,1713.3 2 0
github.com/mborodin/uyuni-operator/internal/uyuni/client.go:1714.2,1715.12 2 0
github.com/mborodin/uyuni-operator/internal/uyuni/client.go:1718.93,1728.16 4 0
github.com/mborodin/uyuni-operator/internal/uyuni/client.go:1728.16,1731.3 2 0
github.com/mborodin/uyuni-operator/internal/uyuni/client.go:1732.2,1733.12 2 0
github.com/mborodin/uyuni-operator/internal/uyuni/client.go:1736.118,1738.16 2 0
github.com/mborodin/uyuni-operator/internal/uyuni/client.go:1738.16,1740.3 1 0
github.com/mborodin/uyuni-operator/internal/uyuni/client.go:1741.2,1742.25 2 0
github.com/mborodin/uyuni-operator/internal/uyuni/client.go:1742.25,1752.3 1 0
github.com/mborodin/uyuni-operator/internal/uyuni/client.go:1753.2,1753.17 1 0
github.com/mborodin/uyuni-operator/internal/uyuni/client.go:1756.123,1763.23 2 0
github.com/mborodin/uyuni-operator/internal/uyuni/client.go:1763.23,1765.3 1 0
github.com/mborodin/uyuni-operator/internal/uyuni/client.go:1766.2,1767.12 2 0
github.com/mborodin/uyuni-operator/internal/uyuni/client.go:1770.113,1778.2 2 0
github.com/mborodin/uyuni-operator/internal/uyuni/client.go:1780.113,1789.67 2 0
github.com/mborodin/uyuni-operator/internal/uyuni/client.go:1789.67,1791.3 1 0
github.com/mborodin/uyuni-operator/internal/uyuni/client.go:1791.8,1791.23 1 0
github.com/mborodin/uyuni-operator/internal/uyuni/client.go:1791.23,1793.21 2 0
github.com/mborodin/uyuni-operator/internal/uyuni/client.go:1793.21,1795.27 2 0
github.com/mborodin/uyuni-operator/internal/uyuni/client.go:1795.27,1796.28 1 0
github.com/mborodin/uyuni-operator/internal/uyuni/client.go:1796.28,1798.11 2 0
github.com/mborodin/uyuni-operator/internal/uyuni/client.go:1801.4,1801.14 1 0
github.com/mborodin/uyuni-operator/internal/uyuni/client.go:1801.14,1803.5 1 0
github.com/mborodin/uyuni-operator/internal/uyuni/client.go:1808.2,1816.16 5 0
github.com/mborodin/uyuni-operator/internal/uyuni/client.go:1816.16,1818.3 1 0
github.com/mborodin/uyuni-operator/internal/uyuni/client.go:1818.8,1820.3 1 0
github.com/mborodin/uyuni-operator/internal/uyuni/client.go:1821.2,1821.12 1 0
github.com/mborodin/uyuni-operator/internal/uyuni/client.go:1824.76,1826.16 2 0
github.com/mborodin/uyuni-operator/internal/uyuni/client.go:1826.16,1828.3 1 0
github.com/mborodin/uyuni-operator/internal/uyuni/client.go:1829.2,1829.40 1 0
github.com/mborodin/uyuni-operator/internal/uyuni/client.go:1832.136,1843.16 2 0
github.com/mborodin/uyuni-operator/internal/uyuni/client.go:1843.16,1845.3 1 0
github.com/mborodin/uyuni-operator/internal/uyuni/client.go:1846.2,1847.16 2 0
github.com/mborodin/uyuni-operator/internal/uyuni/client.go:1850.114,1862.2 2 0
github.com/mborodin/uyuni-operator/internal/uyuni/client.go:1864.66,1869.2 2 0
github.com/mborodin/uyuni-operator/internal/uyuni/client.go:1871.87,1877.2 2 0
github.com/mborodin/uyuni-operator/internal/uyuni/client.go:1879.87,1885.2 2 0
github.com/mborodin/uyuni-operator/internal/uyuni/client.go:1887.108,1889.16 2 0
github.com/mborodin/uyuni-operator/internal/uyuni/client.go:1889.16,1891.3 1 0
github.com/mborodin/uyuni-operator/internal/uyuni/client.go:1892.2,1892.18 1 0
github.com/mborodin/uyuni-operator/internal/uyuni/client.go:1895.90,1897.16 2 0
github.com/mborodin/uyuni-operator/internal/uyuni/client.go:1897.16,1899.3 1 0
github.com/mborodin/uyuni-operator/internal/uyuni/client.go:1900.2,1900.20 1 0
github.com/mborodin/uyuni-operator/internal/uyuni/client.go:1903.88,1909.2 2 0
github.com/mborodin/uyuni-operator/internal/uyuni/client.go:1911.91,1917.2 2 0
github.com/mborodin/uyuni-operator/internal/uyuni/client.go:1919.59,1926.2 1 0
github.com/mborodin/uyuni-operator/internal/uyuni/client.go:1928.55,1940.2 1 0
github.com/mborodin/uyuni-operator/internal/uyuni/client.go:1942.62,1944.25 2 0
github.com/mborodin/uyuni-operator/internal/uyuni/client.go:1944.25,1946.3 1 0
github.com/mborodin/uyuni-operator/internal/uyuni/client.go:1947.2,1947.12 1 0
github.com/mborodin/uyuni-operator/internal/uyuni/client.go:1959.104,1965.30 2 0
github.com/mborodin/uyuni-operator/internal/uyuni/client.go:1965.30,1967.3 1 0
github.com/mborodin/uyuni-operator/internal/uyuni/client.go:1968.2,1969.12 2 0
github.com/mborodin/uyuni-operator/internal/uyuni/client.go:1972.95,1974.16 2 0
github.com/mborodin/uyuni-operator/internal/uyuni/client.go:1974.16,1976.3 1 0
github.com/mborodin/uyuni-operator/internal/uyuni/client.go:1977.2,1981.8 1 0
github.com/mborodin/uyuni-operator/internal/uyuni/client.go:1984.93,1986.30 2 0
github.com/mborodin/uyuni-operator/internal/uyuni/client.go:1986.30,1989.3 2 0
github.com/mborodin/uyuni-operator/internal/uyuni/client.go:1990.2,1994.12 2 0
github.com/mborodin/uyuni-operator/internal/uyuni/client.go:1997.76,2002.2 2 0
github.com/mborodin/uyuni-operator/internal/uyuni/client.go:2004.117,2018.17 1 0
github.com/mborodin/uyuni-operator/internal/uyuni/client.go:2018.17,2020.3 1 0
github.com/mborodin/uyuni-operator/internal/uyuni/client.go:2021.2,2021.25 1 0
github.com/mborodin/uyuni-operator/internal/uyuni/client.go:2021.25,2025.18 1 0
github.com/mborodin/uyuni-operator/internal/uyuni/client.go:2025.18,2027.4 1 0
github.com/mborodin/uyuni-operator/internal/uyuni/client.go:2029.2,2029.12 1 0
github.com/mborodin/uyuni-operator/internal/uyuni/client.go:2032.99,2034.16 2 0
github.com/mborodin/uyuni-operator/internal/uyuni/client.go:2034.16,2036.3 1 0
github.com/mborodin/uyuni-operator/internal/uyuni/client.go:2037.2,2044.8 1 0
github.com/mborodin/uyuni-operator/internal/uyuni/client.go:2047.102,2054.2 2 0
github.com/mborodin/uyuni-operator/internal/uyuni/client.go:2056.78,2061.2 2 0
github.com/mborodin/uyuni-operator/internal/uyuni/client.go:2063.138,2072.2 1 0
github.com/mborodin/uyuni-operator/internal/uyuni/client.go:2074.91,2076.2 1 0
github.com/mborodin/uyuni-operator/internal/uyuni/client.go:2094.91,2096.16 2 0
github.com/mborodin/uyuni-operator/internal/uyuni/client.go:2096.16,2098.3 1 0
github.com/mborodin/uyuni-operator/internal/uyuni/client.go:2099.2,2103.28 2 0
github.com/mborodin/uyuni-operator/internal/uyuni/client.go:2103.28,2105.3 1 0
github.com/mborodin/uyuni-operator/internal/uyuni/client.go:2106.2,2106.15 1 0
github.com/mborodin/uyuni-operator/internal/uyuni/client.go:2114.71,2116.16 2 0
github.com/mborodin/uyuni-operator/internal/uyuni/client.go:2116.16,2118.3 1 0
github.com/mborodin/uyuni-operator/internal/uyuni/client.go:2119.2,2120.27 2 0
github.com/mborodin/uyuni-operator/internal/uyuni/client.go:2120.27,2127.3 1 0
github.com/mborodin/uyuni-operator/internal/uyuni/client.go:2128.2,2128.17 1 0
github.com/mborodin/uyuni-operator/internal/uyuni/client.go:2140.118,2146.2 1 0
github.com/mborodin/uyuni-operator/internal/uyuni/client.go:2148.160,2157.2 1 0
github.com/mborodin/uyuni-operator/internal/uyuni/client.go:2159.104,2164.2 1 0
github.com/mborodin/uyuni-operator/internal/uyuni/client.go:2166.134,2172.2 1 0
github.com/mborodin/uyuni-operator/internal/uyuni/client.go:2174.117,2179.2 1 0
github.com/mborodin/uyuni-operator/internal/uyuni/client.go:2189.96,2191.16 2 0
github.com/mborodin/uyuni-operator/internal/uyuni/client.go:2191.16,2193.3 1 0
github.com/mborodin/uyuni-operator/internal/uyuni/client.go:2194.2,2194.21 1 0
github.com/mborodin/uyuni-operator/internal/uyuni/client.go:2194.21,2196.3 1 0
github.com/mborodin/uyuni-operator/internal/uyuni/client.go:2197.2,2198.16 2 0
github.com/mborodin/uyuni-operator/internal/uyuni/client.go:2198.16,2200.3 1 0
github.com/mborodin/uyuni-operator/internal/uyuni/client.go:2201.2,2201.25 1 0
github.com/mborodin/uyuni-operator/internal/uyuni/client.go:2201.25,2203.3 1 0
github.com/mborodin/uyuni-operator/internal/uyuni/client.go:2204.2,2205.16 2 0
github.com/mborodin/uyuni-operator/internal/uyuni/client.go:2205.16,2207.3 1 0
github.com/mborodin/uyuni-operator/internal/uyuni/client.go:2208.2,2208.24 1 0
github.com/mborodin/uyuni-operator/internal/uyuni/client.go:2208.24,2210.3 1 0
github.com/mborodin/uyuni-operator/internal/uyuni/client.go:2212.2,2212.63 1 0
github.com/mborodin/uyuni-operator/internal/uyuni/client.go:2220.100,2228.4 2 0
github.com/mborodin/uyuni-operator/internal/uyuni/client.go:2228.4,2230.17 2 0
github.com/mborodin/uyuni-operator/internal/uyuni/client.go:2230.17,2232.4 1 0
github.com/mborodin/uyuni-operator/internal/uyuni/client.go:2233.3,2233.26 1 0
github.com/mborodin/uyuni-operator/internal/uyuni/client.go:2233.26,2240.4 1 0
github.com/mborodin/uyuni-operator/internal/uyuni/client.go:2242.2,2242.17 1 0
github.com/mborodin/uyuni-operator/internal/uyuni/client.go:2245.72,2250.2 2 0
github.com/mborodin/uyuni-operator/internal/uyuni/client.go:2261.150,2272.16 2 0
github.com/mborodin/uyuni-operator/internal/uyuni/client.go:2272.16,2274.3 1 0
github.com/mborodin/uyuni-operator/internal/uyuni/client.go:2275.2,2275.18 1 0
github.com/mborodin/uyuni-operator/internal/uyuni/client.go:2278.88,2280.16 2 0
github.com/mborodin/uyuni-operator/internal/uyuni/client.go:2280.16,2282.3 1 0
github.com/mborodin/uyuni-operator/internal/uyuni/client.go:2283.2,2283.49 1 0
github.com/mborodin/uyuni-operator/internal/uyuni/client.go:2286.95,2288.16 2 0
github.com/mborodin/uyuni-operator/internal/uyuni/client.go:2288.16,2290.3 1 0
github.com/mborodin/uyuni-operator/internal/uyuni/client.go:2291.2,2291.49 1 0
github.com/mborodin/uyuni-operator/internal/uyuni/client.go:2294.89,2300.2 2 0
github.com/mborodin/uyuni-operator/internal/uyuni/client.go:2302.72,2307.2 2 0
github.com/mborodin/uyuni-operator/internal/uyuni/client.go:2321.66,2333.2 1 0
github.com/mborodin/uyuni-operator/internal/uyuni/client.go:2335.87,2345.2 2 0
github.com/mborodin/uyuni-operator/internal/uyuni/client.go:2347.99,2349.16 2 0
github.com/mborodin/uyuni-operator/internal/uyuni/client.go:2349.16,2351.3 1 0
github.com/mborodin/uyuni-operator/internal/uyuni/client.go:2352.2,2352.35 1 0
github.com/mborodin/uyuni-operator/internal/uyuni/client.go:2355.101,2365.2 2 0
github.com/mborodin/uyuni-operator/internal/uyuni/client.go:2367.78,2372.2 2 0
github.com/mborodin/uyuni-operator/internal/uyuni/client.go:2399.53,2401.2 1 0
github.com/mborodin/uyuni-operator/internal/uyuni/client.go:2403.63,2404.67 1 0
github.com/mborodin/uyuni-operator/internal/uyuni/client.go:2404.67,2406.14 2 0
github.com/mborodin/uyuni-operator/internal/uyuni/client.go:2406.14,2408.4 1 0
github.com/mborodin/uyuni-operator/internal/uyuni/client.go:2409.3,2409.19 1 0
github.com/mborodin/uyuni-operator/internal/uyuni/client.go:2411.2,2411.20 1 0
github.com/mborodin/uyuni-operator/internal/uyuni/client.go:2414.83,2424.2 2 0
github.com/mborodin/uyuni-operator/internal/uyuni/client.go:2426.83,2435.2 2 0
github.com/mborodin/uyuni-operator/internal/uyuni/client.go:2437.89,2439.16 2 0
github.com/mborodin/uyuni-operator/internal/uyuni/client.go:2439.16,2441.3 1 0
github.com/mborodin/uyuni-operator/internal/uyuni/client.go:2442.2,2447.8 1 0
github.com/mborodin/uyuni-operator/internal/uyuni/client.go:2450.73,2455.2 2 0
github.com/mborodin/uyuni-operator/internal/uyuni/client.go:2457.107,2464.2 2 0
github.com/mborodin/uyuni-operator/internal/uyuni/client.go:2466.95,2471.16 3 0
github.com/mborodin/uyuni-operator/internal/uyuni/client.go:2471.16,2473.3 1 0
github.com/mborodin/uyuni-operator/internal/uyuni/client.go:2474.2,2475.26 2 0
github.com/mborodin/uyuni-operator/internal/uyuni/client.go:2475.26,2477.3 1 0
github.com/mborodin/uyuni-operator/internal/uyuni/client.go:2478.2,2478.17 1 0
github.com/mborodin/uyuni-operator/internal/uyuni/client.go:2481.103,2487.2 2 0
github.com/mborodin/uyuni-operator/internal/uyuni/client.go:2489.100,2491.16 2 0
github.com/mborodin/uyuni-operator/internal/uyuni/client.go:2491.16,2493.3 1 0
github.com/mborodin/uyuni-operator/internal/uyuni/client.go:2494.2,2494.15 1 0
github.com/mborodin/uyuni-operator/internal/uyuni/client.go:2497.92,2505.2 2 0
github.com/mborodin/uyuni-operator/internal/uyuni/client.go:2507.100,2515.2 2 0
github.com/mborodin/uyuni-operator/internal/uyuni/client.go:2517.100,2527.16 2 0
github.com/mborodin/uyuni-operator/internal/uyuni/client.go:2527.16,2529.3 1 0
github.com/mborodin/uyuni-operator/internal/uyuni/client.go:2530.2,2530.24 1 0
github.com/mborodin/uyuni-operator/internal/uyuni/client.go:2533.97,2535.16 2 0
github.com/mborodin/uyuni-operator/internal/uyuni/client.go:2535.16,2537.3 1 0
github.com/mborodin/uyuni-operator/internal/uyuni/client.go:2538.2,2539.26 2 0
github.com/mborodin/uyuni-operator/internal/uyuni/client.go:2539.26,2551.3 2 0
github.com/mborodin/uyuni-operator/internal/uyuni/client.go:2552.2,2552.17 1 0
github.com/mborodin/uyuni-operator/internal/uyuni/client.go:2555.93,2561.2 2 0
github.com/mborodin/uyuni-operator/internal/controller/activationkey_controller.go:32.105,34.60 2 0
github.com/mborodin/uyuni-operator/internal/controller/activationkey_controller.go:34.60,36.3 1 0
github.com/mborodin/uyuni-operator/internal/controller/activationkey_controller.go:38.2,38.36 1 0
github.com/mborodin/uyuni-operator/internal/controller/activationkey_controller.go:38.36,40.3 1 0
github.com/mborodin/uyuni-operator/internal/controller/activationkey_controller.go:42.2,43.16 2 0
github.com/mborodin/uyuni-operator/internal/controller/activationkey_controller.go:43.16,45.3 1 0
github.com/mborodin/uyuni-operator/internal/controller/activationkey_controller.go:47.2,47.39 1 0
github.com/mborodin/uyuni-operator/internal/controller/activationkey_controller.go:47.39,49.3 1 0
github.com/mborodin/uyuni-operator/internal/controller/activationkey_controller.go:51.2,51.108 1 0
github.com/mborodin/uyuni-operator/internal/controller/activationkey_controller.go:51.108,53.3 1 0
github.com/mborodin/uyuni-operator/internal/controller/activationkey_controller.go:57.2,63.16 2 0
github.com/mborodin/uyuni-operator/internal/controller/activationkey_controller.go:63.16,65.3 1 0
github.com/mborodin/uyuni-operator/internal/controller/activationkey_controller.go:66.2,66.25 1 0
github.com/mborodin/uyuni-operator/internal/controller/activationkey_controller.go:66.25,73.3 2 0
github.com/mborodin/uyuni-operator/internal/controller/activationkey_controller.go:74.2,74.26 1 0
github.com/mborodin/uyuni-operator/internal/controller/activationkey_controller.go:74.26,77.53 2 0
github.com/mborodin/uyuni-operator/internal/controller/activationkey_controller.go:77.53,79.4 1 0
github.com/mborodin/uyuni-operator/internal/controller/activationkey_controller.go:80.3,80.58 1 0
github.com/mborodin/uyuni-operator/internal/controller/activationkey_controller.go:85.2,85.107 1 0
github.com/mborodin/uyuni-operator/internal/controller/activationkey_controller.go:85.107,87.3 1 0
github.com/mborodin/uyuni-operator/internal/controller/activationkey_controller.go:91.2,92.16 2 0
github.com/mborodin/uyuni-operator/internal/controller/activationkey_controller.go:92.16,94.3 1 0
github.com/mborodin/uyuni-operator/internal/controller/activationkey_controller.go:95.2,95.21 1 0
github.com/mborodin/uyuni-operator/internal/controller/activationkey_controller.go:95.21,98.53 2 0
github.com/mborodin/uyuni-operator/internal/controller/activationkey_controller.go:98.53,100.4 1 0
github.com/mborodin/uyuni-operator/internal/controller/activationkey_controller.go:101.3,101.58 1 0
github.com/mborodin/uyuni-operator/internal/controller/activationkey_controller.go:104.2,105.16 2 0
github.com/mborodin/uyuni-operator/internal/controller/activationkey_controller.go:105.16,107.3 1 0
github.com/mborodin/uyuni-operator/internal/controller/activationkey_controller.go:108.2,108.22 1 0
github.com/mborodin/uyuni-operator/internal/controller/activationkey_controller.go:108.22,111.53 2 0
github.com/mborodin/uyuni-operator/internal/controller/activationkey_controller.go:111.53,113.4 1 0
github.com/mborodin/uyuni-operator/internal/controller/activationkey_controller.go:114.3,114.58 1 0
github.com/mborodin/uyuni-operator/internal/controller/activationkey_controller.go:119.2,120.16 2 0
github.com/mborodin/uyuni-operator/internal/controller/activationkey_controller.go:120.16,122.3 1 0
github.com/mborodin/uyuni-operator/internal/controller/activationkey_controller.go:123.2,123.20 1 0
github.com/mborodin/uyuni-operator/internal/controller/activationkey_controller.go:123.20,132.17 2 0
github.com/mborodin/uyuni-operator/internal/controller/activationkey_controller.go:132.17,134.4 1 0
github.com/mborodin/uyuni-operator/internal/controller/activationkey_controller.go:135.3,136.53 2 0
github.com/mborodin/uyuni-operator/internal/controller/activationkey_controller.go:136.53,138.4 1 0
github.com/mborodin/uyuni-operator/internal/controller/activationkey_controller.go:140.3,140.41 1 0
github.com/mborodin/uyuni-operator/internal/controller/activationkey_controller.go:144.2,145.87 2 0
github.com/mborodin/uyuni-operator/internal/controller/activationkey_controller.go:145.87,146.38 1 0
github.com/mborodin/uyuni-operator/internal/controller/activationkey_controller.go:146.38,147.107 1 0
github.com/mborodin/uyuni-operator/internal/controller/activationkey_controller.go:147.107,152.5 3 0
github.com/mborodin/uyuni-operator/internal/controller/activationkey_controller.go:158.2,158.60 1 0
github.com/mborodin/uyuni-operator/internal/controller/activationkey_controller.go:158.60,165.18 1 0
github.com/mborodin/uyuni-operator/internal/controller/activationkey_controller.go:165.18,167.4 1 0
github.com/mborodin/uyuni-operator/internal/controller/activationkey_controller.go:170.2,170.108 1 0
github.com/mborodin/uyuni-operator/internal/controller/activationkey_controller.go:170.108,171.77 1 0
github.com/mborodin/uyuni-operator/internal/controller/activationkey_controller.go:171.77,173.4 1 0
github.com/mborodin/uyuni-operator/internal/controller/activationkey_controller.go:174.3,174.79 1 0
github.com/mborodin/uyuni-operator/internal/controller/activationkey_controller.go:174.79,176.4 1 0
github.com/mborodin/uyuni-operator/internal/controller/activationkey_controller.go:179.2,179.109 1 0
github.com/mborodin/uyuni-operator/internal/controller/activationkey_controller.go:179.109,180.22 1 0
github.com/mborodin/uyuni-operator/internal/controller/activationkey_controller.go:180.22,181.91 1 0
github.com/mborodin/uyuni-operator/internal/controller/activationkey_controller.go:181.91,183.5 1 0
github.com/mborodin/uyuni-operator/internal/controller/activationkey_controller.go:185.3,185.21 1 0
github.com/mborodin/uyuni-operator/internal/controller/activationkey_controller.go:185.21,186.93 1 0
github.com/mborodin/uyuni-operator/internal/controller/activationkey_controller.go:186.93,188.5 1 0
github.com/mborodin/uyuni-operator/internal/controller/activationkey_controller.go:192.2,192.69 1 0
github.com/mborodin/uyuni-operator/internal/controller/activationkey_controller.go:192.69,193.105 1 0
github.com/mborodin/uyuni-operator/internal/controller/activationkey_controller.go:193.105,195.4 1 0
github.com/mborodin/uyuni-operator/internal/controller/activationkey_controller.go:198.2,198.96 1 0
github.com/mborodin/uyuni-operator/internal/controller/activationkey_controller.go:198.96,199.86 1 0
github.com/mborodin/uyuni-operator/internal/controller/activationkey_controller.go:199.86,201.4 1 0
github.com/mborodin/uyuni-operator/internal/controller/activationkey_controller.go:204.2,206.52 3 0
github.com/mborodin/uyuni-operator/internal/controller/activationkey_controller.go:206.52,208.3 1 0
github.com/mborodin/uyuni-operator/internal/controller/activationkey_controller.go:209.2,209.56 1 0
github.com/mborodin/uyuni-operator/internal/controller/activationkey_controller.go:212.119,213.41 1 0
github.com/mborodin/uyuni-operator/internal/controller/activationkey_controller.go:213.41,215.3 1 0
github.com/mborodin/uyuni-operator/internal/controller/activationkey_controller.go:216.2,216.54 1 0
github.com/mborodin/uyuni-operator/internal/controller/activationkey_controller.go:216.54,219.3 2 0
github.com/mborodin/uyuni-operator/internal/controller/activationkey_controller.go:220.2,220.30 1 0
github.com/mborodin/uyuni-operator/internal/controller/activationkey_controller.go:220.30,222.17 2 0
github.com/mborodin/uyuni-operator/internal/controller/activationkey_controller.go:222.17,224.4 1 0
github.com/mborodin/uyuni-operator/internal/controller/activationkey_controller.go:225.3,225.99 1 0
github.com/mborodin/uyuni-operator/internal/controller/activationkey_controller.go:225.99,227.4 1 0
github.com/mborodin/uyuni-operator/internal/controller/activationkey_controller.go:229.2,230.41 2 0
github.com/mborodin/uyuni-operator/internal/controller/activationkey_controller.go:233.148,234.30 1 0
github.com/mborodin/uyuni-operator/internal/controller/activationkey_controller.go:234.30,236.28 2 0
github.com/mborodin/uyuni-operator/internal/controller/activationkey_controller.go:236.28,239.4 2 0
github.com/mborodin/uyuni-operator/internal/controller/activationkey_controller.go:240.3,240.16 1 0
github.com/mborodin/uyuni-operator/internal/controller/activationkey_controller.go:243.2,246.41 4 0
github.com/mborodin/uyuni-operator/internal/controller/activationkey_controller.go:246.41,249.3 1 0
github.com/mborodin/uyuni-operator/internal/controller/activationkey_controller.go:250.2,251.15 2 0
github.com/mborodin/uyuni-operator/internal/controller/activationkey_controller.go:254.100,255.36 1 0
github.com/mborodin/uyuni-operator/internal/controller/activationkey_controller.go:255.36,257.3 1 0
github.com/mborodin/uyuni-operator/internal/controller/activationkey_controller.go:258.2,259.124 2 0
github.com/mborodin/uyuni-operator/internal/controller/activationkey_controller.go:259.124,261.3 1 0
github.com/mborodin/uyuni-operator/internal/controller/activationkey_controller.go:262.2,262.32 1 0
github.com/mborodin/uyuni-operator/internal/controller/activationkey_controller.go:262.32,264.3 1 0
github.com/mborodin/uyuni-operator/internal/controller/activationkey_controller.go:265.2,265.30 1 0
github.com/mborodin/uyuni-operator/internal/controller/activationkey_controller.go:268.139,269.46 1 0
github.com/mborodin/uyuni-operator/internal/controller/activationkey_controller.go:269.46,271.17 2 0
github.com/mborodin/uyuni-operator/internal/controller/activationkey_controller.go:271.17,273.4 1 0
github.com/mborodin/uyuni-operator/internal/controller/activationkey_controller.go:274.3,274.16 1 0
github.com/mborodin/uyuni-operator/internal/controller/activationkey_controller.go:274.16,276.4 1 0
github.com/mborodin/uyuni-operator/internal/controller/activationkey_controller.go:277.3,277.29 1 0
github.com/mborodin/uyuni-operator/internal/controller/activationkey_controller.go:277.29,279.4 1 0
github.com/mborodin/uyuni-operator/internal/controller/activationkey_controller.go:280.3,280.39 1 0
github.com/mborodin/uyuni-operator/internal/controller/activationkey_controller.go:282.2,282.21 1 0
github.com/mborodin/uyuni-operator/internal/controller/activationkey_controller.go:285.147,286.48 1 0
github.com/mborodin/uyuni-operator/internal/controller/activationkey_controller.go:286.48,288.104 2 0
github.com/mborodin/uyuni-operator/internal/controller/activationkey_controller.go:288.104,289.41 1 0
github.com/mborodin/uyuni-operator/internal/controller/activationkey_controller.go:289.41,291.5 1 0
github.com/mborodin/uyuni-operator/internal/controller/activationkey_controller.go:292.4,292.23 1 0
github.com/mborodin/uyuni-operator/internal/controller/activationkey_controller.go:294.3,294.29 1 0
github.com/mborodin/uyuni-operator/internal/controller/activationkey_controller.go:294.29,296.4 1 0
github.com/mborodin/uyuni-operator/internal/controller/activationkey_controller.go:297.3,297.38 1 0
github.com/mborodin/uyuni-operator/internal/controller/activationkey_controller.go:299.2,299.24 1 0
github.com/mborodin/uyuni-operator/internal/controller/activationkey_controller.go:302.135,306.2 3 0
github.com/mborodin/uyuni-operator/internal/controller/activationkey_controller.go:308.119,314.2 1 0
github.com/mborodin/uyuni-operator/internal/controller/activationkey_controller.go:316.44,317.22 1 0
github.com/mborodin/uyuni-operator/internal/controller/activationkey_controller.go:317.22,319.3 1 0
github.com/mborodin/uyuni-operator/internal/controller/activationkey_controller.go:320.2,321.22 2 0
github.com/mborodin/uyuni-operator/internal/controller/activationkey_controller.go:321.22,323.3 1 0
github.com/mborodin/uyuni-operator/internal/controller/activationkey_controller.go:324.2,324.22 1 0
github.com/mborodin/uyuni-operator/internal/controller/activationkey_controller.go:324.22,325.13 1 0
github.com/mborodin/uyuni-operator/internal/controller/activationkey_controller.go:325.13,327.4 1 0
github.com/mborodin/uyuni-operator/internal/controller/activationkey_controller.go:329.2,329.13 1 0
github.com/mborodin/uyuni-operator/internal/controller/activationkey_controller.go:332.76,342.2 1 0
github.com/mborodin/uyuni-operator/internal/controller/activationkey_controller.go:344.124,346.83 2 0
github.com/mborodin/uyuni-operator/internal/controller/activationkey_controller.go:346.83,348.3 1 0
github.com/mborodin/uyuni-operator/internal/controller/activationkey_controller.go:349.2,350.32 2 0
github.com/mborodin/uyuni-operator/internal/controller/activationkey_controller.go:350.32,351.47 1 0
github.com/mborodin/uyuni-operator/internal/controller/activationkey_controller.go:351.47,352.83 1 0
github.com/mborodin/uyuni-operator/internal/controller/activationkey_controller.go:352.83,356.10 2 0
github.com/mborodin/uyuni-operator/internal/controller/activationkey_controller.go:360.2,360.12 1 0
github.com/mborodin/uyuni-operator/internal/controller/activationkey_controller.go:363.120,365.83 2 0
github.com/mborodin/uyuni-operator/internal/controller/activationkey_controller.go:365.83,367.3 1 0
github.com/mborodin/uyuni-operator/internal/controller/activationkey_controller.go:368.2,369.32 2 0
github.com/mborodin/uyuni-operator/internal/controller/activationkey_controller.go:369.32,370.51 1 0
github.com/mborodin/uyuni-operator/internal/controller/activationkey_controller.go:370.51,374.4 1 0
github.com/mborodin/uyuni-operator/internal/controller/activationkey_controller.go:376.2,376.12 1 0
github.com/mborodin/uyuni-operator/internal/controller/activationkey_controller.go:379.120,381.83 2 0
github.com/mborodin/uyuni-operator/internal/controller/activationkey_controller.go:381.83,383.3 1 0
github.com/mborodin/uyuni-operator/internal/controller/activationkey_controller.go:384.2,385.32 2 0
github.com/mborodin/uyuni-operator/internal/controller/activationkey_controller.go:385.32,386.84 1 0
github.com/mborodin/uyuni-operator/internal/controller/activationkey_controller.go:386.84,390.12 2 0
github.com/mborodin/uyuni-operator/internal/controller/activationkey_controller.go:392.3,392.46 1 0
github.com/mborodin/uyuni-operator/internal/controller/activationkey_controller.go:392.46,393.31 1 0
github.com/mborodin/uyuni-operator/internal/controller/activationkey_controller.go:393.31,397.10 2 0
github.com/mborodin/uyuni-operator/internal/controller/activationkey_controller.go:401.2,401.12 1 0
github.com/mborodin/uyuni-operator/internal/controller/annotations.go:21.49,23.20 2 0
github.com/mborodin/uyuni-operator/internal/controller/annotations.go:23.20,25.3 1 0
github.com/mborodin/uyuni-operator/internal/controller/annotations.go:26.2,27.48 2 0
github.com/mborodin/uyuni-operator/internal/controller/annotations.go:27.48,28.29 1 0
github.com/mborodin/uyuni-operator/internal/controller/annotations.go:28.29,32.4 3 0
github.com/mborodin/uyuni-operator/internal/controller/annotations.go:34.2,34.13 1 0
github.com/mborodin/uyuni-operator/internal/controller/annotations.go:34.13,36.3 1 0
github.com/mborodin/uyuni-operator/internal/controller/annotations.go:37.2,37.16 1 0
github.com/mborodin/uyuni-operator/internal/controller/autoinstalldistribution_controller.go:29.115,31.60 2 0
github.com/mborodin/uyuni-operator/internal/controller/autoinstalldistribution_controller.go:31.60,33.3 1 0
github.com/mborodin/uyuni-operator/internal/controller/autoinstalldistribution_controller.go:35.2,35.36 1 0
github.com/mborodin/uyuni-operator/internal/controller/autoinstalldistribution_controller.go:35.36,37.3 1 0
github.com/mborodin/uyuni-operator/internal/controller/autoinstalldistribution_controller.go:39.2,40.16 2 0
github.com/mborodin/uyuni-operator/internal/controller/autoinstalldistribution_controller.go:40.16,42.3 1 0
github.com/mborodin/uyuni-operator/internal/controller/autoinstalldistribution_controller.go:44.2,44.39 1 0
github.com/mborodin/uyuni-operator/internal/controller/autoinstalldistribution_controller.go:44.39,46.3 1 0
github.com/mborodin/uyuni-operator/internal/controller/autoinstalldistribution_controller.go:48.2,48.108 1 0
github.com/mborodin/uyuni-operator/internal/controller/autoinstalldistribution_controller.go:48.108,50.3 1 0
github.com/mborodin/uyuni-operator/internal/controller/autoinstalldistribution_controller.go:53.2,54.16 2 0
github.com/mborodin/uyuni-operator/internal/controller/autoinstalldistribution_controller.go:54.16,56.3 1 0
github.com/mborodin/uyuni-operator/internal/controller/autoinstalldistribution_controller.go:57.2,57.22 1 0
github.com/mborodin/uyuni-operator/internal/controller/autoinstalldistribution_controller.go:57.22,61.3 3 0
github.com/mborodin/uyuni-operator/internal/controller/autoinstalldistribution_controller.go:63.2,64.27 2 0
github.com/mborodin/uyuni-operator/internal/controller/autoinstalldistribution_controller.go:64.27,72.24 1 0
github.com/mborodin/uyuni-operator/internal/controller/autoinstalldistribution_controller.go:72.24,74.4 1 0
github.com/mborodin/uyuni-operator/internal/controller/autoinstalldistribution_controller.go:75.3,76.17 2 0
github.com/mborodin/uyuni-operator/internal/controller/autoinstalldistribution_controller.go:76.17,78.4 1 0
github.com/mborodin/uyuni-operator/internal/controller/autoinstalldistribution_controller.go:79.8,79.23 1 0
github.com/mborodin/uyuni-operator/internal/controller/autoinstalldistribution_controller.go:79.23,81.3 1 0
github.com/mborodin/uyuni-operator/internal/controller/autoinstalldistribution_controller.go:84.2,84.57 1 0
github.com/mborodin/uyuni-operator/internal/controller/autoinstalldistribution_controller.go:84.57,92.24 1 0
github.com/mborodin/uyuni-operator/internal/controller/autoinstalldistribution_controller.go:92.24,94.4 1 0
github.com/mborodin/uyuni-operator/internal/controller/autoinstalldistribution_controller.go:97.2,101.52 5 0
github.com/mborodin/uyuni-operator/internal/controller/autoinstalldistribution_controller.go:101.52,103.3 1 0
github.com/mborodin/uyuni-operator/internal/controller/autoinstalldistribution_controller.go:104.2,104.57 1 0
github.com/mborodin/uyuni-operator/internal/controller/autoinstalldistribution_controller.go:107.139,108.41 1 0
github.com/mborodin/uyuni-operator/internal/controller/autoinstalldistribution_controller.go:108.41,110.3 1 0
github.com/mborodin/uyuni-operator/internal/controller/autoinstalldistribution_controller.go:111.2,111.54 1 0
github.com/mborodin/uyuni-operator/internal/controller/autoinstalldistribution_controller.go:111.54,114.3 2 0
github.com/mborodin/uyuni-operator/internal/controller/autoinstalldistribution_controller.go:115.2,115.28 1 0
github.com/mborodin/uyuni-operator/internal/controller/autoinstalldistribution_controller.go:115.28,117.17 2 0
github.com/mborodin/uyuni-operator/internal/controller/autoinstalldistribution_controller.go:117.17,119.4 1 0
github.com/mborodin/uyuni-operator/internal/controller/autoinstalldistribution_controller.go:120.3,120.93 1 0
github.com/mborodin/uyuni-operator/internal/controller/autoinstalldistribution_controller.go:120.93,122.4 1 0
github.com/mborodin/uyuni-operator/internal/controller/autoinstalldistribution_controller.go:124.2,125.41 2 0
github.com/mborodin/uyuni-operator/internal/controller/autoinstalldistribution_controller.go:128.155,130.118 2 0
github.com/mborodin/uyuni-operator/internal/controller/autoinstalldistribution_controller.go:130.118,131.40 1 0
github.com/mborodin/uyuni-operator/internal/controller/autoinstalldistribution_controller.go:131.40,133.4 1 0
github.com/mborodin/uyuni-operator/internal/controller/autoinstalldistribution_controller.go:134.3,134.21 1 0
github.com/mborodin/uyuni-operator/internal/controller/autoinstalldistribution_controller.go:136.2,136.27 1 0
github.com/mborodin/uyuni-operator/internal/controller/autoinstalldistribution_controller.go:136.27,138.3 1 0
github.com/mborodin/uyuni-operator/internal/controller/autoinstalldistribution_controller.go:139.2,139.33 1 0
github.com/mborodin/uyuni-operator/internal/controller/autoinstalldistribution_controller.go:142.155,146.2 3 0
github.com/mborodin/uyuni-operator/internal/controller/autoinstalldistribution_controller.go:148.129,156.2 1 0
github.com/mborodin/uyuni-operator/internal/controller/autoinstalldistribution_controller.go:158.86,164.2 1 0
github.com/mborodin/uyuni-operator/internal/controller/autoinstalldistribution_controller.go:166.129,168.83 2 0
github.com/mborodin/uyuni-operator/internal/controller/autoinstalldistribution_controller.go:168.83,170.3 1 0
github.com/mborodin/uyuni-operator/internal/controller/autoinstalldistribution_controller.go:171.2,172.32 2 0
github.com/mborodin/uyuni-operator/internal/controller/autoinstalldistribution_controller.go:172.32,173.47 1 0
github.com/mborodin/uyuni-operator/internal/controller/autoinstalldistribution_controller.go:173.47,177.4 1 0
github.com/mborodin/uyuni-operator/internal/controller/autoinstalldistribution_controller.go:179.2,179.12 1 0
github.com/mborodin/uyuni-operator/internal/controller/autoinstallprofile_controller.go:34.110,36.60 2 0
github.com/mborodin/uyuni-operator/internal/controller/autoinstallprofile_controller.go:36.60,38.3 1 0
github.com/mborodin/uyuni-operator/internal/controller/autoinstallprofile_controller.go:40.2,40.36 1 0
github.com/mborodin/uyuni-operator/internal/controller/autoinstallprofile_controller.go:40.36,42.3 1 0
github.com/mborodin/uyuni-operator/internal/controller/autoinstallprofile_controller.go:44.2,44.39 1 0
github.com/mborodin/uyuni-operator/internal/controller/autoinstallprofile_controller.go:44.39,46.3 1 0
github.com/mborodin/uyuni-operator/internal/controller/autoinstallprofile_controller.go:48.2,48.108 1 0
github.com/mborodin/uyuni-operator/internal/controller/autoinstallprofile_controller.go:48.108,50.3 1 0
github.com/mborodin/uyuni-operator/internal/controller/autoinstallprofile_controller.go:55.2,55.32 1 0
github.com/mborodin/uyuni-operator/internal/controller/autoinstallprofile_controller.go:55.32,57.3 1 0
github.com/mborodin/uyuni-operator/internal/controller/autoinstallprofile_controller.go:59.2,60.16 2 0
github.com/mborodin/uyuni-operator/internal/controller/autoinstallprofile_controller.go:60.16,62.3 1 0
github.com/mborodin/uyuni-operator/internal/controller/autoinstallprofile_controller.go:65.2,66.16 2 0
github.com/mborodin/uyuni-operator/internal/controller/autoinstallprofile_controller.go:66.16,68.3 1 0
github.com/mborodin/uyuni-operator/internal/controller/autoinstallprofile_controller.go:69.2,69.22 1 0
github.com/mborodin/uyuni-operator/internal/controller/autoinstallprofile_controller.go:69.22,73.3 3 0
github.com/mborodin/uyuni-operator/internal/controller/autoinstallprofile_controller.go:76.2,77.16 2 0
github.com/mborodin/uyuni-operator/internal/controller/autoinstallprofile_controller.go:77.16,79.3 1 0
github.com/mborodin/uyuni-operator/internal/controller/autoinstallprofile_controller.go:80.2,80.22 1 0
github.com/mborodin/uyuni-operator/internal/controller/autoinstallprofile_controller.go:80.22,84.3 3 0
github.com/mborodin/uyuni-operator/internal/controller/autoinstallprofile_controller.go:87.2,87.42 1 0
github.com/mborodin/uyuni-operator/internal/controller/autoinstallprofile_controller.go:87.42,90.3 1 0
github.com/mborodin/uyuni-operator/internal/controller/autoinstallprofile_controller.go:91.2,92.16 2 0
github.com/mborodin/uyuni-operator/internal/controller/autoinstallprofile_controller.go:92.16,94.3 1 0
github.com/mborodin/uyuni-operator/internal/controller/autoinstallprofile_controller.go:97.2,98.30 2 0
github.com/mborodin/uyuni-operator/internal/controller/autoinstallprofile_controller.go:98.30,99.38 1 0
github.com/mborodin/uyuni-operator/internal/controller/autoinstallprofile_controller.go:99.38,105.25 1 0
github.com/mborodin/uyuni-operator/internal/controller/autoinstallprofile_controller.go:105.25,107.5 1 0
github.com/mborodin/uyuni-operator/internal/controller/autoinstallprofile_controller.go:108.4,108.68 1 0
github.com/mborodin/uyuni-operator/internal/controller/autoinstallprofile_controller.go:109.9,117.25 1 0
github.com/mborodin/uyuni-operator/internal/controller/autoinstallprofile_controller.go:117.25,119.5 1 0
github.com/mborodin/uyuni-operator/internal/controller/autoinstallprofile_controller.go:121.8,121.26 1 0
github.com/mborodin/uyuni-operator/internal/controller/autoinstallprofile_controller.go:121.26,123.3 1 0
github.com/mborodin/uyuni-operator/internal/controller/autoinstallprofile_controller.go:123.8,123.44 1 0
github.com/mborodin/uyuni-operator/internal/controller/autoinstallprofile_controller.go:123.44,126.40 2 0
github.com/mborodin/uyuni-operator/internal/controller/autoinstallprofile_controller.go:126.40,132.25 1 0
github.com/mborodin/uyuni-operator/internal/controller/autoinstallprofile_controller.go:132.25,134.5 1 0
github.com/mborodin/uyuni-operator/internal/controller/autoinstallprofile_controller.go:135.4,135.36 1 0
github.com/mborodin/uyuni-operator/internal/controller/autoinstallprofile_controller.go:141.2,141.37 1 0
github.com/mborodin/uyuni-operator/internal/controller/autoinstallprofile_controller.go:141.37,142.89 1 0
github.com/mborodin/uyuni-operator/internal/controller/autoinstallprofile_controller.go:142.89,144.4 1 0
github.com/mborodin/uyuni-operator/internal/controller/autoinstallprofile_controller.go:145.3,145.98 1 0
github.com/mborodin/uyuni-operator/internal/controller/autoinstallprofile_controller.go:145.98,147.4 1 0
github.com/mborodin/uyuni-operator/internal/controller/autoinstallprofile_controller.go:151.2,152.42 2 0
github.com/mborodin/uyuni-operator/internal/controller/autoinstallprofile_controller.go:152.42,154.3 1 0
github.com/mborodin/uyuni-operator/internal/controller/autoinstallprofile_controller.go:155.2,155.54 1 0
github.com/mborodin/uyuni-operator/internal/controller/autoinstallprofile_controller.go:155.54,156.85 1 0
github.com/mborodin/uyuni-operator/internal/controller/autoinstallprofile_controller.go:156.85,158.4 1 0
github.com/mborodin/uyuni-operator/internal/controller/autoinstallprofile_controller.go:162.2,162.67 1 0
github.com/mborodin/uyuni-operator/internal/controller/autoinstallprofile_controller.go:162.67,164.17 2 0
github.com/mborodin/uyuni-operator/internal/controller/autoinstallprofile_controller.go:164.17,166.4 1 0
github.com/mborodin/uyuni-operator/internal/controller/autoinstallprofile_controller.go:167.3,167.57 1 0
github.com/mborodin/uyuni-operator/internal/controller/autoinstallprofile_controller.go:167.57,168.88 1 0
github.com/mborodin/uyuni-operator/internal/controller/autoinstallprofile_controller.go:168.88,170.5 1 0
github.com/mborodin/uyuni-operator/internal/controller/autoinstallprofile_controller.go:175.2,175.37 1 0
github.com/mborodin/uyuni-operator/internal/controller/autoinstallprofile_controller.go:175.37,176.58 1 0
github.com/mborodin/uyuni-operator/internal/controller/autoinstallprofile_controller.go:176.58,178.4 1 0
[...]
github.com/mborodin/uyuni-operator/internal/controller/systemgroup_controller.go:211.143,212.48 1 0
github.com/mborodin/uyuni-operator/internal/controller/systemgroup_controller.go:212.48,214.17 2 0
github.com/mborodin/uyuni-operator/internal/controller/systemgroup_controller.go:214.17,216.4 1 0
github.com/mborodin/uyuni-operator/internal/controller/systemgroup_controller.go:217.3,217.16 1 0
github.com/mborodin/uyuni-operator/internal/controller/systemgroup_controller.go:217.16,219.4 1 0
github.com/mborodin/uyuni-operator/internal/controller/systemgroup_controller.go:220.3,220.29 1 0
github.com/mborodin/uyuni-operator/internal/controller/systemgroup_controller.go:220.29,222.4 1 0
github.com/mborodin/uyuni-operator/internal/controller/systemgroup_controller.go:223.3,223.38 1 0
github.com/mborodin/uyuni-operator/internal/controller/systemgroup_controller.go:225.2,225.24 1 0
github.com/mborodin/uyuni-operator/internal/controller/systemgroup_controller.go:231.139,233.100 2 0
github.com/mborodin/uyuni-operator/internal/controller/systemgroup_controller.go:233.100,235.3 1 0
github.com/mborodin/uyuni-operator/internal/controller/systemgroup_controller.go:235.8,235.46 1 0
github.com/mborodin/uyuni-operator/internal/controller/systemgroup_controller.go:235.46,237.3 1 0
github.com/mborodin/uyuni-operator/internal/controller/systemgroup_controller.go:239.2,240.74 2 0
github.com/mborodin/uyuni-operator/internal/controller/systemgroup_controller.go:240.74,242.3 1 0
github.com/mborodin/uyuni-operator/internal/controller/systemgroup_controller.go:243.2,243.28 1 0
github.com/mborodin/uyuni-operator/internal/controller/systemgroup_controller.go:243.28,244.40 1 0
github.com/mborodin/uyuni-operator/internal/controller/systemgroup_controller.go:244.40,246.4 1 0
github.com/mborodin/uyuni-operator/internal/controller/systemgroup_controller.go:248.2,248.17 1 0
github.com/mborodin/uyuni-operator/internal/controller/systemgroup_controller.go:251.131,255.2 3 0
github.com/mborodin/uyuni-operator/internal/controller/systemgroup_controller.go:257.74,265.2 1 0
github.com/mborodin/uyuni-operator/internal/controller/systemgroup_controller.go:267.109,269.83 2 0
github.com/mborodin/uyuni-operator/internal/controller/systemgroup_controller.go:269.83,271.3 1 0
github.com/mborodin/uyuni-operator/internal/controller/systemgroup_controller.go:272.2,273.32 2 0
github.com/mborodin/uyuni-operator/internal/controller/systemgroup_controller.go:273.32,274.42 1 0
github.com/mborodin/uyuni-operator/internal/controller/systemgroup_controller.go:274.42,275.33 1 0
github.com/mborodin/uyuni-operator/internal/controller/systemgroup_controller.go:275.33,279.10 2 0
github.com/mborodin/uyuni-operator/internal/controller/systemgroup_controller.go:283.2,283.12 1 0
github.com/mborodin/uyuni-operator/internal/controller/systemgroup_controller.go:286.116,289.55 3 0
github.com/mborodin/uyuni-operator/internal/controller/systemgroup_controller.go:289.55,291.3 1 0
github.com/mborodin/uyuni-operator/internal/controller/systemgroup_controller.go:293.2,294.83 2 0
github.com/mborodin/uyuni-operator/internal/controller/systemgroup_controller.go:294.83,296.3 1 0
github.com/mborodin/uyuni-operator/internal/controller/systemgroup_controller.go:297.2,298.32 2 0
github.com/mborodin/uyuni-operator/internal/controller/systemgroup_controller.go:298.32,299.49 1 0
github.com/mborodin/uyuni-operator/internal/controller/systemgroup_controller.go:299.49,300.66 1 0
github.com/mborodin/uyuni-operator/internal/controller/systemgroup_controller.go:300.66,304.10 2 0
github.com/mborodin/uyuni-operator/internal/controller/systemgroup_controller.go:308.2,308.12 1 0
github.com/mborodin/uyuni-operator/internal/controller/task_controller.go:30.96,32.62 2 0
github.com/mborodin/uyuni-operator/internal/controller/task_controller.go:32.62,34.3 1 0
github.com/mborodin/uyuni-operator/internal/controller/task_controller.go:36.2,36.38 1 0
github.com/mborodin/uyuni-operator/internal/controller/task_controller.go:36.38,38.3 1 0
github.com/mborodin/uyuni-operator/internal/controller/task_controller.go:39.2,39.43 1 0
github.com/mborodin/uyuni-operator/internal/controller/task_controller.go:39.43,41.3 1 0
github.com/mborodin/uyuni-operator/internal/controller/task_controller.go:43.2,44.16 2 0
github.com/mborodin/uyuni-operator/internal/controller/task_controller.go:44.16,46.3 1 0
github.com/mborodin/uyuni-operator/internal/controller/task_controller.go:48.2,48.112 1 0
github.com/mborodin/uyuni-operator/internal/controller/task_controller.go:48.112,50.3 1 0
github.com/mborodin/uyuni-operator/internal/controller/task_controller.go:57.2,57.60 1 0
github.com/mborodin/uyuni-operator/internal/controller/task_controller.go:57.60,59.3 1 0
github.com/mborodin/uyuni-operator/internal/controller/task_controller.go:61.2,62.45 2 0
github.com/mborodin/uyuni-operator/internal/controller/task_controller.go:62.45,63.61 1 0
github.com/mborodin/uyuni-operator/internal/controller/task_controller.go:63.61,65.4 1 0
github.com/mborodin/uyuni-operator/internal/controller/task_controller.go:69.3,69.55 1 0
github.com/mborodin/uyuni-operator/internal/controller/task_controller.go:69.55,71.4 1 0
github.com/mborodin/uyuni-operator/internal/controller/task_controller.go:72.3,72.78 1 0
github.com/mborodin/uyuni-operator/internal/controller/task_controller.go:72.78,74.47 2 0
github.com/mborodin/uyuni-operator/internal/controller/task_controller.go:74.47,78.5 1 0
github.com/mborodin/uyuni-operator/internal/controller/task_controller.go:82.2,84.42 3 0
github.com/mborodin/uyuni-operator/internal/controller/task_controller.go:84.42,87.3 1 0
github.com/mborodin/uyuni-operator/internal/controller/task_controller.go:87.8,90.3 1 0
github.com/mborodin/uyuni-operator/internal/controller/task_controller.go:91.2,91.54 1 0
github.com/mborodin/uyuni-operator/internal/controller/task_controller.go:91.54,93.3 1 0
github.com/mborodin/uyuni-operator/internal/controller/task_controller.go:95.2,95.27 1 0
github.com/mborodin/uyuni-operator/internal/controller/task_controller.go:95.27,97.3 1 0
github.com/mborodin/uyuni-operator/internal/controller/task_controller.go:98.2,98.85 1 0
github.com/mborodin/uyuni-operator/internal/controller/task_controller.go:98.85,99.79 1 0
github.com/mborodin/uyuni-operator/internal/controller/task_controller.go:99.79,101.27 2 0
github.com/mborodin/uyuni-operator/internal/controller/task_controller.go:101.27,103.5 1 0
github.com/mborodin/uyuni-operator/internal/controller/task_controller.go:104.4,104.59 1 0
github.com/mborodin/uyuni-operator/internal/controller/task_controller.go:107.2,107.56 1 0
github.com/mborodin/uyuni-operator/internal/controller/task_controller.go:110.67,111.50 1 0
github.com/mborodin/uyuni-operator/internal/controller/task_controller.go:111.50,113.3 1 0
github.com/mborodin/uyuni-operator/internal/controller/task_controller.go:114.2,114.32 1 0
github.com/mborodin/uyuni-operator/internal/controller/task_controller.go:114.32,116.3 1 0
github.com/mborodin/uyuni-operator/internal/controller/task_controller.go:117.2,117.55 1 0
github.com/mborodin/uyuni-operator/internal/controller/task_controller.go:117.55,119.3 1 0
github.com/mborodin/uyuni-operator/internal/controller/task_controller.go:120.2,120.11 1 0
github.com/mborodin/uyuni-operator/internal/controller/task_controller.go:123.64,124.34 1 0
github.com/mborodin/uyuni-operator/internal/controller/task_controller.go:124.34,126.39 2 0
github.com/mborodin/uyuni-operator/internal/controller/task_controller.go:126.39,128.4 1 0
github.com/mborodin/uyuni-operator/internal/controller/task_controller.go:130.2,130.14 1 0
github.com/mborodin/uyuni-operator/internal/controller/task_controller.go:133.73,134.32 1 0
github.com/mborodin/uyuni-operator/internal/controller/task_controller.go:134.32,136.3 1 0
github.com/mborodin/uyuni-operator/internal/controller/task_controller.go:137.2,137.51 1 0
github.com/mborodin/uyuni-operator/internal/controller/task_controller.go:140.112,142.16 2 0
github.com/mborodin/uyuni-operator/internal/controller/task_controller.go:142.16,144.3 1 0
github.com/mborodin/uyuni-operator/internal/controller/task_controller.go:145.2,145.25 1 0
github.com/mborodin/uyuni-operator/internal/controller/task_controller.go:145.25,147.3 1 0
github.com/mborodin/uyuni-operator/internal/controller/task_controller.go:149.2,150.32 2 0
github.com/mborodin/uyuni-operator/internal/controller/task_controller.go:150.32,152.3 1 0
github.com/mborodin/uyuni-operator/internal/controller/task_controller.go:154.2,155.16 2 0
github.com/mborodin/uyuni-operator/internal/controller/task_controller.go:155.16,157.3 1 0
github.com/mborodin/uyuni-operator/internal/controller/task_controller.go:159.2,169.43 5 0
github.com/mborodin/uyuni-operator/internal/controller/task_controller.go:169.43,171.3 1 0
github.com/mborodin/uyuni-operator/internal/controller/task_controller.go:172.2,172.12 1 0
github.com/mborodin/uyuni-operator/internal/controller/task_controller.go:175.148,176.9 1 0
github.com/mborodin/uyuni-operator/internal/controller/task_controller.go:177.34,179.24 2 0
github.com/mborodin/uyuni-operator/internal/controller/task_controller.go:180.38,183.17 3 0
github.com/mborodin/uyuni-operator/internal/controller/task_controller.go:183.17,185.4 1 0
github.com/mborodin/uyuni-operator/internal/controller/task_controller.go:186.3,187.16 2 0
github.com/mborodin/uyuni-operator/internal/controller/task_controller.go:187.16,189.4 1 0
github.com/mborodin/uyuni-operator/internal/controller/task_controller.go:190.3,191.19 2 0
github.com/mborodin/uyuni-operator/internal/controller/task_controller.go:191.19,193.4 1 0
github.com/mborodin/uyuni-operator/internal/controller/task_controller.go:194.3,195.24 2 0
github.com/mborodin/uyuni-operator/internal/controller/task_controller.go:196.31,198.40 2 0
github.com/mborodin/uyuni-operator/internal/controller/task_controller.go:198.40,200.4 1 0
github.com/mborodin/uyuni-operator/internal/controller/task_controller.go:201.3,202.24 2 0
github.com/mborodin/uyuni-operator/internal/controller/task_controller.go:203.37,205.24 2 0
github.com/mborodin/uyuni-operator/internal/controller/task_controller.go:206.44,208.24 2 0
github.com/mborodin/uyuni-operator/internal/controller/task_controller.go:209.10,213.113 1 0
github.com/mborodin/uyuni-operator/internal/controller/task_controller.go:217.105,218.34 1 0
github.com/mborodin/uyuni-operator/internal/controller/task_controller.go:218.34,220.55 2 0
github.com/mborodin/uyuni-operator/internal/controller/task_controller.go:220.55,221.12 1 0
github.com/mborodin/uyuni-operator/internal/controller/task_controller.go:223.3,227.37 5 0
github.com/mborodin/uyuni-operator/internal/controller/task_controller.go:227.37,229.18 2 0
github.com/mborodin/uyuni-operator/internal/controller/task_controller.go:229.18,231.5 1 0
github.com/mborodin/uyuni-operator/internal/controller/task_controller.go:232.4,232.32 1 0
github.com/mborodin/uyuni-operator/internal/controller/task_controller.go:232.32,237.23 2 0
github.com/mborodin/uyuni-operator/internal/controller/task_controller.go:238.31,239.23 1 0
github.com/mborodin/uyuni-operator/internal/controller/task_controller.go:240.19,241.22 1 0
github.com/mborodin/uyuni-operator/internal/controller/task_controller.go:242.22,243.25 1 0
github.com/mborodin/uyuni-operator/internal/controller/task_controller.go:247.3,248.10 2 0
github.com/mborodin/uyuni-operator/internal/controller/task_controller.go:249.19,250.25 1 0
github.com/mborodin/uyuni-operator/internal/controller/task_controller.go:251.34,252.23 1 0
github.com/mborodin/uyuni-operator/internal/controller/task_controller.go:253.18,254.24 1 0
github.com/mborodin/uyuni-operator/internal/controller/task_controller.go:255.21,256.27 1 0
github.com/mborodin/uyuni-operator/internal/controller/task_controller.go:257.11,258.25 1 0
github.com/mborodin/uyuni-operator/internal/controller/task_controller.go:260.3,260.80 1 0
github.com/mborodin/uyuni-operator/internal/controller/task_controller.go:260.80,263.4 2 0
github.com/mborodin/uyuni-operator/internal/controller/task_controller.go:265.2,265.12 1 0
github.com/mborodin/uyuni-operator/internal/controller/task_controller.go:268.58,269.48 1 0
github.com/mborodin/uyuni-operator/internal/controller/task_controller.go:269.48,271.3 1 0
github.com/mborodin/uyuni-operator/internal/controller/task_controller.go:271.8,273.3 1 0
github.com/mborodin/uyuni-operator/internal/controller/task_controller.go:276.61,278.2 1 0
github.com/mborodin/uyuni-operator/internal/controller/task_controller.go:280.96,282.9 2 0
github.com/mborodin/uyuni-operator/internal/controller/task_controller.go:283.26,285.115 2 0
github.com/mborodin/uyuni-operator/internal/controller/task_controller.go:285.115,287.4 1 0
github.com/mborodin/uyuni-operator/internal/controller/task_controller.go:288.3,288.36 1 0
github.com/mborodin/uyuni-operator/internal/controller/task_controller.go:288.36,290.4 1 0
github.com/mborodin/uyuni-operator/internal/controller/task_controller.go:291.3,291.46 1 0
github.com/mborodin/uyuni-operator/internal/controller/task_controller.go:292.31,294.119 2 0
github.com/mborodin/uyuni-operator/internal/controller/task_controller.go:294.119,296.4 1 0
github.com/mborodin/uyuni-operator/internal/controller/task_controller.go:297.3,298.47 2 0
github.com/mborodin/uyuni-operator/internal/controller/task_controller.go:298.47,299.33 1 0
github.com/mborodin/uyuni-operator/internal/controller/task_controller.go:299.33,301.5 1 0
github.com/mborodin/uyuni-operator/internal/controller/task_controller.go:303.3,303.18 1 0
github.com/mborodin/uyuni-operator/internal/controller/task_controller.go:304.28,305.26 1 0
github.com/mborodin/uyuni-operator/internal/controller/task_controller.go:306.10,307.132 1 0
github.com/mborodin/uyuni-operator/internal/controller/task_controller.go:311.103,312.45 1 0
github.com/mborodin/uyuni-operator/internal/controller/task_controller.go:312.45,314.3 1 0
github.com/mborodin/uyuni-operator/internal/controller/task_controller.go:315.2,315.56 1 0
github.com/mborodin/uyuni-operator/internal/controller/task_controller.go:315.56,318.3 2 0
github.com/mborodin/uyuni-operator/internal/controller/task_controller.go:319.2,320.16 2 0
github.com/mborodin/uyuni-operator/internal/controller/task_controller.go:320.16,321.40 1 0
github.com/mborodin/uyuni-operator/internal/controller/task_controller.go:321.40,322.56 1 0
github.com/mborodin/uyuni-operator/internal/controller/task_controller.go:322.56,323.13 1 0
github.com/mborodin/uyuni-operator/internal/controller/task_controller.go:325.4,325.38 1 0
github.com/mborodin/uyuni-operator/internal/controller/task_controller.go:325.38,327.5 1 0
github.com/mborodin/uyuni-operator/internal/controller/task_controller.go:330.2,331.43 2 0
github.com/mborodin/uyuni-operator/internal/controller/task_controller.go:334.123,338.2 3 0
github.com/mborodin/uyuni-operator/internal/controller/task_controller.go:340.67,344.2 1 0
github.com/mborodin/uyuni-operator/internal/controller/urlcheck.go:20.70,22.16 2 0
github.com/mborodin/uyuni-operator/internal/controller/urlcheck.go:22.16,24.3 1 0
github.com/mborodin/uyuni-operator/internal/controller/urlcheck.go:25.2,25.47 1 0
github.com/mborodin/uyuni-operator/internal/controller/urlcheck.go:25.47,27.3 1 0
github.com/mborodin/uyuni-operator/internal/controller/urlcheck.go:29.2,35.16 5 0
github.com/mborodin/uyuni-operator/internal/controller/urlcheck.go:35.16,37.3 1 0
github.com/mborodin/uyuni-operator/internal/controller/urlcheck.go:38.2,39.16 2 0
github.com/mborodin/uyuni-operator/internal/controller/urlcheck.go:39.16,41.28 2 0
github.com/mborodin/uyuni-operator/internal/controller/urlcheck.go:41.28,43.4 1 0
github.com/mborodin/uyuni-operator/internal/controller/urlcheck.go:44.3,44.101 1 0
github.com/mborodin/uyuni-operator/internal/controller/urlcheck.go:44.101,46.4 1 0
github.com/mborodin/uyuni-operator/internal/controller/urlcheck.go:52.2,53.16 2 0
github.com/mborodin/uyuni-operator/internal/controller/urlcheck.go:53.16,55.3 1 0
github.com/mborodin/uyuni-operator/internal/controller/urlcheck.go:56.2,57.16 2 0
github.com/mborodin/uyuni-operator/internal/controller/urlcheck.go:57.16,59.3 1 0
github.com/mborodin/uyuni-operator/internal/controller/urlcheck.go:60.2,60.15 1 0
github.com/mborodin/uyuni-operator/internal/controller/urlcheck.go:60.15,60.40 1 0
github.com/mborodin/uyuni-operator/internal/controller/urlcheck.go:61.2,61.28 1 0
github.com/mborodin/uyuni-operator/internal/controller/urlcheck.go:61.28,63.3 1 0
github.com/mborodin/uyuni-operator/internal/controller/urlcheck.go:64.2,64.12 1 0
github.com/mborodin/uyuni-operator/internal/controller/uyuniprovider_controller.go:32.105,34.62 2 0
github.com/mborodin/uyuni-operator/internal/controller/uyuniprovider_controller.go:34.62,39.3 2 0
github.com/mborodin/uyuni-operator/internal/controller/uyuniprovider_controller.go:44.2,44.25 1 0
github.com/mborodin/uyuni-operator/internal/controller/uyuniprovider_controller.go:44.25,45.61 1 0
github.com/mborodin/uyuni-operator/internal/controller/uyuniprovider_controller.go:45.61,47.4 1 0
github.com/mborodin/uyuni-operator/internal/controller/uyuniprovider_controller.go:47.9,47.23 1 0
github.com/mborodin/uyuni-operator/internal/controller/uyuniprovider_controller.go:47.23,52.4 2 0
github.com/mborodin/uyuni-operator/internal/controller/uyuniprovider_controller.go:55.2,56.16 2 0
github.com/mborodin/uyuni-operator/internal/controller/uyuniprovider_controller.go:56.16,61.3 3 0
github.com/mborodin/uyuni-operator/internal/controller/uyuniprovider_controller.go:63.2,64.16 2 0
github.com/mborodin/uyuni-operator/internal/controller/uyuniprovider_controller.go:64.16,69.3 3 0
github.com/mborodin/uyuni-operator/internal/controller/uyuniprovider_controller.go:70.2,78.54 8 0
github.com/mborodin/uyuni-operator/internal/controller/uyuniprovider_controller.go:78.54,80.3 1 0
github.com/mborodin/uyuni-operator/internal/controller/uyuniprovider_controller.go:81.2,81.56 1 0
github.com/mborodin/uyuni-operator/internal/controller/uyuniprovider_controller.go:84.118,86.43 2 0
github.com/mborodin/uyuni-operator/internal/controller/uyuniprovider_controller.go:86.43,88.3 1 0
github.com/mborodin/uyuni-operator/internal/controller/uyuniprovider_controller.go:89.2,89.35 1 0
github.com/mborodin/uyuni-operator/internal/controller/uyuniprovider_controller.go:89.35,90.54 1 0
github.com/mborodin/uyuni-operator/internal/controller/uyuniprovider_controller.go:90.54,92.4 1 0
github.com/mborodin/uyuni-operator/internal/controller/uyuniprovider_controller.go:94.2,94.16 1 0
github.com/mborodin/uyuni-operator/internal/controller/uyuniprovider_controller.go:97.76,104.2 1 0
github.com/mborodin/uyuni-operator/internal/controller/uyuniprovider_controller.go:106.114,107.40 1 0
github.com/mborodin/uyuni-operator/internal/controller/uyuniprovider_controller.go:107.40,109.3 1 0
github.com/mborodin/uyuni-operator/internal/controller/uyuniprovider_controller.go:110.2,111.43 2 0
github.com/mborodin/uyuni-operator/internal/controller/uyuniprovider_controller.go:111.43,113.3 1 0
github.com/mborodin/uyuni-operator/internal/controller/uyuniprovider_controller.go:114.2,115.34 2 0
github.com/mborodin/uyuni-operator/internal/controller/uyuniprovider_controller.go:115.34,117.39 2 0
github.com/mborodin/uyuni-operator/internal/controller/uyuniprovider_controller.go:117.39,119.4 1 0
github.com/mborodin/uyuni-operator/internal/controller/uyuniprovider_controller.go:120.3,120.28 1 0
github.com/mborodin/uyuni-operator/internal/controller/uyuniprovider_controller.go:120.28,121.33 1 0
github.com/mborodin/uyuni-operator/internal/controller/uyuniprovider_controller.go:121.33,126.10 3 0
github.com/mborodin/uyuni-operator/internal/controller/uyuniprovider_controller.go:130.2,130.12 1 0
github.com/mborodin/uyuni-operator/internal/controller/uyuniprovider_controller.go:133.55,134.66 1 0
github.com/mborodin/uyuni-operator/internal/controller/uyuniprovider_controller.go:134.66,136.3 1 0
